#
# A fatal error has been detected by the Java Runtime Environment:
#
#  SIGSEGV (0xb) at pc=0x00007efe56dec379, pid=42982, tid=43008
#
# JRE version: OpenJDK Runtime Environment Temurin-18.0.2.1+1 (18.0.2.1+1) (build 18.0.2.1+1)
# Java VM: OpenJDK 64-Bit Server VM Temurin-18.0.2.1+1 (18.0.2.1+1, mixed mode, tiered, compressed oops, compressed class ptrs, g1 gc, linux-amd64)
# Problematic frame:
# V  [libjvm.so+0xdec379]  Symbol::as_C_string() const+0x9
#
# Core dump will be written. Default location: Core dumps may be processed with "/usr/share/apport/apport -p%p -s%s -c%c -d%d -P%P -u%u -g%g -- %E" (or dumping to /home/yisus/git/PI5_jescarcar5/core.42982)
#
# If you would like to submit a bug report, please visit:
#   https://github.com/adoptium/adoptium-support/issues
#

---------------  S U M M A R Y ------------

Command Line: -XX:+ShowCodeDetailsInExceptionMessages -agentlib:jdwp=transport=dt_socket,suspend=y,address=localhost:37689 -javaagent:/home/yisus/eclipse/java-2022-06/eclipse/configuration/org.eclipse.osgi/209/0/.cp/lib/javaagent-shaded.jar -Dfile.encoding=UTF-8 --module-path=/home/yisus/git/PI5_jescarcar5/bin:/home/yisus/git/ada_v2_18/java/Grafos/bin:/home/yisus/git/ada_v2_18/java/Solve/bin:/home/yisus/git/ada_v2_18/java/ParteComun/target/classes:/home/yisus/git/ada_v2_18/java/ParteComun/lib/antlr4-runtime-4.9.2.jar:/home/yisus/git/ada_v2_18/java/ParteComun/lib/jgrapht-core-1.5.0.jar:/home/yisus/git/ada_v2_18/java/ParteComun/lib/jgrapht-io-1.5.0.jar:/home/yisus/git/ada_v2_18/java/ParteComun/lib/jheaps-0.13.jar:/home/yisus/git/ada_v2_18/java/ParteComun/lib/commons-text-1.8.jar:/home/yisus/git/ada_v2_18/java/ParteComun/lib/commons-math3-3.6.1.jar:/home/yisus/git/ada_v2_18/java/ParteComun/lib/juniversalchardet-1.0.3.jar:/home/yisus/git/ada_v2_18/java/ParteComun/lib/matplotlib4j-0.5.1.jar:/home/yisus/git/ada_v2_18/java/ParteComun/lib/slf4j-api-1.7.7.jar:/home/yisus/git/ada_v2_18/java/ParteComun/lib/slf4j-log4j12-1.7.7.jar:/home/yisus/git/ada_v2_18/java/ParteComun/lib/log4j-1.2.17.jar:/home/yisus/git/ada_v2_18/java/ParteComun/lib/guava-15.0.jar:/home/yisus/git/ada_v2_18/java/DatosCompartidos/bin:/home/yisus/git/ada_v2_18/java/Solve/lib/gurobi.jar:/home/yisus/git/ada_v2_18/java/Solve/lib/antlr4-runtime-4.9.2.jar:/home/yisus/git/ada_v2_18/java/Grafos/lib/commons-lang3-3.9.jar:/home/yisus/git/ada_v2_18/java/Grafos/lib/commons-text-1.8.jar:/home/yisus/git/ada_v2_18/java/Grafos/lib/jgrapht-core-1.5.0.jar:/home/yisus/git/ada_v2_18/java/Grafos/lib/jgrapht-io-1.5.0.jar:/home/yisus/git/ada_v2_18/java/Grafos/lib/jheaps-0.13.jar --enable-preview -Djdk.module.main=pI5_jescarcar5 pI5_jescarcar5/ejercicios.tests.TestEjercicio3

Host: Intel(R) Core(TM) i7-9750H CPU @ 2.60GHz, 12 cores, 15G, Ubuntu 22.04.2 LTS
Time: Sat May  6 18:23:03 2023 CEST elapsed time: 33.291581 seconds (0d 0h 0m 33s)

---------------  T H R E A D  ---------------

Current thread (0x00007efe50332a60):  JavaThread "JDWP Transport Listener: dt_socket" daemon [_thread_in_vm, id=43008, stack(0x00007efe24d00000,0x00007efe24e00000)]

Stack: [0x00007efe24d00000,0x00007efe24e00000],  sp=0x00007efe24dfe910,  free space=1018k
Native frames: (J=compiled Java code, j=interpreted, Vv=VM code, C=native code)
V  [libjvm.so+0xdec379]  Symbol::as_C_string() const+0x9
V  [libjvm.so+0xa1a505]  JvmtiEnv::GetClassSignature(oopDesc*, char**, char**)+0x115
V  [libjvm.so+0x9d1b08]  jvmti_GetClassSignature+0x1e8
C  [libjdwp.so+0x2d954]  classSignature+0x44
C  [libjdwp.so+0x8448]  signatureWithGeneric+0x68
C  [libjdwp.so+0x13c09]  debugLoop_run+0x299
C  [libjdwp.so+0x27254]  attachThread+0x54
V  [libjvm.so+0xa39880]  JvmtiAgentThread::start_function_wrapper(JavaThread*, JavaThread*)+0x40
V  [libjvm.so+0xe43120]  JavaThread::thread_main_inner()+0x190
V  [libjvm.so+0xe47250]  Thread::call_run()+0xc0
V  [libjvm.so+0xc1eb41]  thread_native_entry(Thread*)+0xe1


siginfo: si_signo: 11 (SIGSEGV), si_code: 1 (SEGV_MAPERR), si_addr: 0x000000000098009b

Register to memory mapping:

RAX=0x0000000000000142 is an unknown value
RBX=0x00000008000ca250 is a pointer to class: 
ejercicios.ejercicio3.Ejer3Vertex {0x00000008000ca250}
 - instance size:     3
 - klass size:        80
 - access:            public final synchronized 
 - state:             fully_initialized
 - name:              'ejercicios/ejercicio3/Ejer3Vertex'
 - super:             'java/lang/Record'
 - sub:               
 - arrays:            NULL
 - methods:           Array<T>(0x00007efe1ca6c030)
 - method ordering:   Array<T>(0x00007efe1ca6d930)
 - default_methods:   Array<T>(0x00007efe1c955fc8)
 - default vtable indices:   Array<T>(0x00007efe1c954878)
 - local interfaces:  Array<T>(0x00007efe1c956d08)
 - trans. interfaces: Array<T>(0x00007efe1c956d08)
 - constants:         constant pool [384]/operands[44] {0x00007efe1ca6a000} for 'ejercicios/ejercicio3/Ejer3Vertex' cache=0x00007efe1ca6ad08
 - class loader data:  loader data: 0x00007efe502d69a0 for instance a 'jdk/internal/loader/ClassLoaders$AppClassLoader'{0x0000000717a5ebb8}
 - source file:       'Ejer3Vertex.java'
 - source debug extension:       SMAP
Ejer3Vertex.java
Java
*S jdt
*F
1 Ejer3Vertex.java
2 file:/home/yisus/git/PI5_jescarcar5/bin/
*L
*E

 - class annotations:       Array<T>(0x0000000000000000)
 - class type annotations:  Array<T>(0x0000000000000000)
 - field annotations:       Array<T>(0x0000000000000000)
 - field type annotations:  Array<T>(0x0000000000000000)
 - generic signature: '
[error occurred during error reporting (printing register info), id 0xb, SIGSEGV (0xb) at pc=0x00007efe56ded2eb]

Registers:
RAX=0x0000000000000142, RBX=0x00000008000ca250, RCX=0x00007efe1ca6a000, RDX=0x00000000003b7865
RSP=0x00007efe24dfe910, RBP=0x00007efe24dfe920, RSI=0x0000000000000000, RDI=0x0000000000980097
R8 =0x00000008000ca250, R9 =0x0000000000000022, R10=0x0000000000000078, R11=0xf61100fef89e007c
R12=0x00007efe00029e80, R13=0x00007efe00029eb8, R14=0x00000008000ca250, R15=0x00007efe503328e0
RIP=0x00007efe56dec379, EFLAGS=0x0000000000010246, CSGSFS=0x002b000000000033, ERR=0x0000000000000004
  TRAPNO=0x000000000000000e

Top of Stack: (sp=0x00007efe24dfe910)
0x00007efe24dfe910:   00000008000ca250 00007efe00029e80
0x00007efe24dfe920:   00007efe24dfe990 00007efe56a1a505
0x00007efe24dfe930:   00000008000ca250 00000000000003d8
0x00007efe24dfe940:   00007efe50018450 00007efe0002a268 

Instructions: (pc=0x00007efe56dec379)
0x00007efe56dec279:   89 c8 39 ca 0f 84 a2 00 00 00 41 89 d1 29 ce 41
0x00007efe56dec289:   29 c9 83 fe 06 76 18 8d 71 06 48 8b 34 37 49 89
0x00007efe56dec299:   34 08 44 89 c9 83 e1 f8 01 c8 41 39 c9 74 7d 48
0x00007efe56dec2a9:   63 c8 0f b6 74 0f 06 41 88 34 08 8d 48 01 39 ca
0x00007efe56dec2b9:   7e 6a 48 63 c9 0f b6 74 0f 06 41 88 34 08 8d 48
0x00007efe56dec2c9:   02 39 ca 7e 57 48 63 c9 0f b6 74 0f 06 41 88 34
0x00007efe56dec2d9:   08 8d 48 03 39 ca 7e 44 48 63 c9 0f b6 74 0f 06
0x00007efe56dec2e9:   41 88 34 08 8d 48 04 39 ca 7e 31 48 63 c9 0f b6
0x00007efe56dec2f9:   74 0f 06 41 88 34 08 8d 48 05 39 ca 7e 1e 48 63
0x00007efe56dec309:   c9 83 c0 06 0f b6 74 0f 06 41 88 34 08 39 c2 7e
0x00007efe56dec319:   0b 48 98 0f b6 4c 07 06 41 88 0c 00 48 63 d2 41
0x00007efe56dec329:   c6 04 10 00 4c 89 c0 c3 0f 1f 80 00 00 00 00 89
0x00007efe56dec339:   d6 31 c0 0f 1f 40 00 0f b6 4c 07 06 41 88 0c 00
0x00007efe56dec349:   48 83 c0 01 48 39 f0 75 ee 48 63 d2 41 c6 04 10
0x00007efe56dec359:   00 eb d1 31 c9 31 c0 e9 2b ff ff ff 90 66 2e 0f
0x00007efe56dec369:   1f 84 00 00 00 00 00 55 31 f6 48 89 e5 41 54 53
0x00007efe56dec379:   44 0f b7 67 04 48 89 fb 41 8d 7c 24 01 48 63 ff
0x00007efe56dec389:   e8 c2 d1 ec ff 0f b7 53 04 49 89 c0 44 39 e2 41
0x00007efe56dec399:   0f 4f d4 85 d2 0f 84 fd 00 00 00 48 8d 4b 07 89
0x00007efe56dec3a9:   d7 8d 72 ff 48 29 c8 48 83 f8 0e 0f 86 fe 00 00
0x00007efe56dec3b9:   00 83 fe 06 0f 86 f5 00 00 00 83 fe 0e 0f 86 16
0x00007efe56dec3c9:   01 00 00 89 d1 31 c0 c1 e9 04 48 c1 e1 04 66 0f
0x00007efe56dec3d9:   1f 84 00 00 00 00 00 f3 0f 6f 44 03 06 41 0f 11
0x00007efe56dec3e9:   04 00 48 83 c0 10 48 39 c8 75 ec 89 d1 83 e1 f0
0x00007efe56dec3f9:   89 c8 39 ca 0f 84 9e 00 00 00 89 d7 29 ce 29 cf
0x00007efe56dec409:   83 fe 06 76 16 8d 71 06 48 8b 34 33 49 89 34 08
0x00007efe56dec419:   89 f9 83 e1 f8 01 c8 39 cf 74 7d 48 63 c8 0f b6
0x00007efe56dec429:   74 0b 06 41 88 34 08 8d 48 01 39 ca 7e 6a 48 63
0x00007efe56dec439:   c9 0f b6 74 0b 06 41 88 34 08 8d 48 02 39 ca 7e
0x00007efe56dec449:   57 48 63 c9 0f b6 74 0b 06 41 88 34 08 8d 48 03
0x00007efe56dec459:   39 ca 7e 44 48 63 c9 0f b6 74 0b 06 41 88 34 08
0x00007efe56dec469:   8d 48 04 39 ca 7e 31 48 63 c9 0f b6 74 0b 06 41 


Stack slot to memory mapping:
stack at sp + 0 slots: 0x00000008000ca250 is a pointer to class: 
ejercicios.ejercicio3.Ejer3Vertex {0x00000008000ca250}
 - instance size:     3
 - klass size:        80
 - access:            public final synchronized 
 - state:             fully_initialized
 - name:              'ejercicios/ejercicio3/Ejer3Vertex'
 - super:             'java/lang/Record'
 - sub:               
 - arrays:            NULL
 - methods:           Array<T>(0x00007efe1ca6c030)
 - method ordering:   Array<T>(0x00007efe1ca6d930)
 - default_methods:   Array<T>(0x00007efe1c955fc8)
 - default vtable indices:   Array<T>(0x00007efe1c954878)
 - local interfaces:  Array<T>(0x00007efe1c956d08)
 - trans. interfaces: Array<T>(0x00007efe1c956d08)
 - constants:         constant pool [384]/operands[44] {0x00007efe1ca6a000} for 'ejercicios/ejercicio3/Ejer3Vertex' cache=0x00007efe1ca6ad08
 - class loader data:  loader data: 0x00007efe502d69a0 for instance a 'jdk/internal/loader/ClassLoaders$AppClassLoader'{0x0000000717a5ebb8}
 - source file:       'Ejer3Vertex.java'
 - source debug extension:       SMAP
Ejer3Vertex.java
Java
*S jdt
*F
1 Ejer3Vertex.java
2 file:/home/yisus/git/PI5_jescarcar5/bin/
*L
*E

 - class annotations:       Array<T>(0x0000000000000000)
 - class type annotations:  Array<T>(0x0000000000000000)
 - field annotations:       Array<T>(0x0000000000000000)
 - field type annotations:  Array<T>(0x0000000000000000)
 - generic signature: '
[error occurred during error reporting (inspecting top of stack), id 0xb, SIGSEGV (0xb) at pc=0x00007efe56ded2eb]


---------------  P R O C E S S  ---------------

Threads class SMR info:
_java_thread_list=0x00007efdf00d62d0, length=14, elements={
0x00007efe50028fd0, 0x00007efe50190910, 0x00007efe501920c0, 0x00007efe501c6d80,
0x00007efe501c8120, 0x00007efe501bba10, 0x00007efe501bcbe0, 0x00007efe501be0b0,
0x00007efe501bf510, 0x00007efe502a1bc0, 0x00007efe50332a60, 0x00007efe5034e6f0,
0x00007efde8001130, 0x00007efe503f8fc0
}

Java Threads: ( => current thread )
  0x00007efe50028fd0 JavaThread "main" [_thread_blocked, id=42989, stack(0x00007efe55f00000,0x00007efe56000000)]
  0x00007efe50190910 JavaThread "Reference Handler" daemon [_thread_blocked, id=42996, stack(0x00007efe346d2000,0x00007efe347d2000)]
  0x00007efe501920c0 JavaThread "Finalizer" daemon [_thread_blocked, id=42997, stack(0x00007efe345d2000,0x00007efe346d2000)]
  0x00007efe501c6d80 JavaThread "Signal Dispatcher" daemon [_thread_blocked, id=42998, stack(0x00007efe344d2000,0x00007efe345d2000)]
  0x00007efe501c8120 JavaThread "Service Thread" daemon [_thread_blocked, id=42999, stack(0x00007efe343d2000,0x00007efe344d2000)]
  0x00007efe501bba10 JavaThread "Monitor Deflation Thread" daemon [_thread_blocked, id=43000, stack(0x00007efe342d2000,0x00007efe343d2000)]
  0x00007efe501bcbe0 JavaThread "C2 CompilerThread0" daemon [_thread_blocked, id=43001, stack(0x00007efe341d2000,0x00007efe342d2000)]
  0x00007efe501be0b0 JavaThread "C1 CompilerThread0" daemon [_thread_blocked, id=43002, stack(0x00007efe340d2000,0x00007efe341d2000)]
  0x00007efe501bf510 JavaThread "Sweeper thread" daemon [_thread_blocked, id=43003, stack(0x00007efe25100000,0x00007efe25200000)]
  0x00007efe502a1bc0 JavaThread "Common-Cleaner" daemon [_thread_blocked, id=43004, stack(0x00007efe25000000,0x00007efe25100000)]
=>0x00007efe50332a60 JavaThread "JDWP Transport Listener: dt_socket" daemon [_thread_in_vm, id=43008, stack(0x00007efe24d00000,0x00007efe24e00000)]
  0x00007efe5034e6f0 JavaThread "JDWP Event Helper Thread" daemon [_thread_blocked, id=43011, stack(0x00007efe24c00000,0x00007efe24d00000)]
  0x00007efde8001130 JavaThread "JDWP Command Reader" daemon [_thread_in_native, id=43012, stack(0x00007efe24b00000,0x00007efe24c00000)]
  0x00007efe503f8fc0 JavaThread "Notification Thread" daemon [_thread_blocked, id=43015, stack(0x00007efe24a00000,0x00007efe24b00000)]

Other Threads:
  0x00007efe50182c50 VMThread "VM Thread" [stack: 0x00007efe347d4000,0x00007efe348d4000] [id=42995]
  0x00007efe502b7900 WatcherThread "VM Periodic Task Thread" [stack: 0x00007efe24900000,0x00007efe24a00000] [id=43016]
  0x00007efe500983a0 WorkerThread "GC Thread#0" [stack: 0x00007efe54224000,0x00007efe54324000] [id=42990]
  0x00007efe500a9180 ConcurrentGCThread "G1 Main Marker" [stack: 0x00007efe54122000,0x00007efe54222000] [id=42991]
  0x00007efe500aa080 WorkerThread "G1 Conc#0" [stack: 0x00007efe54020000,0x00007efe54120000] [id=42992]
  0x00007efe500fd8b0 ConcurrentGCThread "G1 Refine#0" [stack: 0x00007efe34a59000,0x00007efe34b59000] [id=42993]
  0x00007efe500fe780 ConcurrentGCThread "G1 Service" [stack: 0x00007efe34957000,0x00007efe34a57000] [id=42994]

Threads with active compile tasks:

VM state: not at safepoint (normal execution)

VM Mutex/Monitor currently owned by a thread: None

Heap address: 0x0000000708400000, size: 3964 MB, Compressed Oops mode: Zero based, Oop shift amount: 3

CDS archive(s) not mapped
Compressed class space mapped at: 0x0000000800000000-0x0000000840000000, reserved size: 1073741824
Narrow klass base: 0x0000000800000000, Narrow klass shift: 0, Narrow klass range: 0x40000000

GC Precious Log:
 CardTable entry size: 512
 Card Set container configuration: InlinePtr #cards 4 size 8 Array Of Cards #cards 16 size 48 Howl #buckets 8 coarsen threshold 3686 Howl Bitmap #cards 512 size 80 coarsen threshold 460 Card regions per heap region 1 cards per card region 4096
 CPUs: 12 total, 12 available
 Memory: 15855M
 Large Page Support: Disabled
 NUMA Support: Disabled
 Compressed Oops: Enabled (Zero based)
 Heap Region Size: 2M
 Heap Min Capacity: 8M
 Heap Initial Capacity: 248M
 Heap Max Capacity: 3964M
 Pre-touch: Disabled
 Parallel Workers: 10
 Concurrent Workers: 3
 Concurrent Refinement Workers: 10
 Periodic GC: Disabled

Heap:
 garbage-first heap   total 253952K, used 18432K [0x0000000708400000, 0x0000000800000000)
  region size 2048K, 10 young (20480K), 0 survivors (0K)
 Metaspace       used 12056K, committed 12288K, reserved 1114112K
  class space    used 1068K, committed 1216K, reserved 1048576K

Heap Regions: E=young(eden), S=young(survivor), O=old, HS=humongous(starts), HC=humongous(continues), CS=collection set, F=free, OA=open archive, CA=closed archive, TAMS=top-at-mark-start (previous, next)
|   0|0x0000000708400000, 0x0000000708400000, 0x0000000708600000|  0%| F|  |TAMS 0x0000000708400000, 0x0000000708400000| Untracked 
|   1|0x0000000708600000, 0x0000000708600000, 0x0000000708800000|  0%| F|  |TAMS 0x0000000708600000, 0x0000000708600000| Untracked 
|   2|0x0000000708800000, 0x0000000708800000, 0x0000000708a00000|  0%| F|  |TAMS 0x0000000708800000, 0x0000000708800000| Untracked 
|   3|0x0000000708a00000, 0x0000000708a00000, 0x0000000708c00000|  0%| F|  |TAMS 0x0000000708a00000, 0x0000000708a00000| Untracked 
|   4|0x0000000708c00000, 0x0000000708c00000, 0x0000000708e00000|  0%| F|  |TAMS 0x0000000708c00000, 0x0000000708c00000| Untracked 
|   5|0x0000000708e00000, 0x0000000708e00000, 0x0000000709000000|  0%| F|  |TAMS 0x0000000708e00000, 0x0000000708e00000| Untracked 
|   6|0x0000000709000000, 0x0000000709000000, 0x0000000709200000|  0%| F|  |TAMS 0x0000000709000000, 0x0000000709000000| Untracked 
|   7|0x0000000709200000, 0x0000000709200000, 0x0000000709400000|  0%| F|  |TAMS 0x0000000709200000, 0x0000000709200000| Untracked 
|   8|0x0000000709400000, 0x0000000709400000, 0x0000000709600000|  0%| F|  |TAMS 0x0000000709400000, 0x0000000709400000| Untracked 
|   9|0x0000000709600000, 0x0000000709600000, 0x0000000709800000|  0%| F|  |TAMS 0x0000000709600000, 0x0000000709600000| Untracked 
|  10|0x0000000709800000, 0x0000000709800000, 0x0000000709a00000|  0%| F|  |TAMS 0x0000000709800000, 0x0000000709800000| Untracked 
|  11|0x0000000709a00000, 0x0000000709a00000, 0x0000000709c00000|  0%| F|  |TAMS 0x0000000709a00000, 0x0000000709a00000| Untracked 
|  12|0x0000000709c00000, 0x0000000709c00000, 0x0000000709e00000|  0%| F|  |TAMS 0x0000000709c00000, 0x0000000709c00000| Untracked 
|  13|0x0000000709e00000, 0x0000000709e00000, 0x000000070a000000|  0%| F|  |TAMS 0x0000000709e00000, 0x0000000709e00000| Untracked 
|  14|0x000000070a000000, 0x000000070a000000, 0x000000070a200000|  0%| F|  |TAMS 0x000000070a000000, 0x000000070a000000| Untracked 
|  15|0x000000070a200000, 0x000000070a200000, 0x000000070a400000|  0%| F|  |TAMS 0x000000070a200000, 0x000000070a200000| Untracked 
|  16|0x000000070a400000, 0x000000070a400000, 0x000000070a600000|  0%| F|  |TAMS 0x000000070a400000, 0x000000070a400000| Untracked 
|  17|0x000000070a600000, 0x000000070a600000, 0x000000070a800000|  0%| F|  |TAMS 0x000000070a600000, 0x000000070a600000| Untracked 
|  18|0x000000070a800000, 0x000000070a800000, 0x000000070aa00000|  0%| F|  |TAMS 0x000000070a800000, 0x000000070a800000| Untracked 
|  19|0x000000070aa00000, 0x000000070aa00000, 0x000000070ac00000|  0%| F|  |TAMS 0x000000070aa00000, 0x000000070aa00000| Untracked 
|  20|0x000000070ac00000, 0x000000070ac00000, 0x000000070ae00000|  0%| F|  |TAMS 0x000000070ac00000, 0x000000070ac00000| Untracked 
|  21|0x000000070ae00000, 0x000000070ae00000, 0x000000070b000000|  0%| F|  |TAMS 0x000000070ae00000, 0x000000070ae00000| Untracked 
|  22|0x000000070b000000, 0x000000070b000000, 0x000000070b200000|  0%| F|  |TAMS 0x000000070b000000, 0x000000070b000000| Untracked 
|  23|0x000000070b200000, 0x000000070b200000, 0x000000070b400000|  0%| F|  |TAMS 0x000000070b200000, 0x000000070b200000| Untracked 
|  24|0x000000070b400000, 0x000000070b400000, 0x000000070b600000|  0%| F|  |TAMS 0x000000070b400000, 0x000000070b400000| Untracked 
|  25|0x000000070b600000, 0x000000070b600000, 0x000000070b800000|  0%| F|  |TAMS 0x000000070b600000, 0x000000070b600000| Untracked 
|  26|0x000000070b800000, 0x000000070b800000, 0x000000070ba00000|  0%| F|  |TAMS 0x000000070b800000, 0x000000070b800000| Untracked 
|  27|0x000000070ba00000, 0x000000070ba00000, 0x000000070bc00000|  0%| F|  |TAMS 0x000000070ba00000, 0x000000070ba00000| Untracked 
|  28|0x000000070bc00000, 0x000000070bc00000, 0x000000070be00000|  0%| F|  |TAMS 0x000000070bc00000, 0x000000070bc00000| Untracked 
|  29|0x000000070be00000, 0x000000070be00000, 0x000000070c000000|  0%| F|  |TAMS 0x000000070be00000, 0x000000070be00000| Untracked 
|  30|0x000000070c000000, 0x000000070c000000, 0x000000070c200000|  0%| F|  |TAMS 0x000000070c000000, 0x000000070c000000| Untracked 
|  31|0x000000070c200000, 0x000000070c200000, 0x000000070c400000|  0%| F|  |TAMS 0x000000070c200000, 0x000000070c200000| Untracked 
|  32|0x000000070c400000, 0x000000070c400000, 0x000000070c600000|  0%| F|  |TAMS 0x000000070c400000, 0x000000070c400000| Untracked 
|  33|0x000000070c600000, 0x000000070c600000, 0x000000070c800000|  0%| F|  |TAMS 0x000000070c600000, 0x000000070c600000| Untracked 
|  34|0x000000070c800000, 0x000000070c800000, 0x000000070ca00000|  0%| F|  |TAMS 0x000000070c800000, 0x000000070c800000| Untracked 
|  35|0x000000070ca00000, 0x000000070ca00000, 0x000000070cc00000|  0%| F|  |TAMS 0x000000070ca00000, 0x000000070ca00000| Untracked 
|  36|0x000000070cc00000, 0x000000070cc00000, 0x000000070ce00000|  0%| F|  |TAMS 0x000000070cc00000, 0x000000070cc00000| Untracked 
|  37|0x000000070ce00000, 0x000000070ce00000, 0x000000070d000000|  0%| F|  |TAMS 0x000000070ce00000, 0x000000070ce00000| Untracked 
|  38|0x000000070d000000, 0x000000070d000000, 0x000000070d200000|  0%| F|  |TAMS 0x000000070d000000, 0x000000070d000000| Untracked 
|  39|0x000000070d200000, 0x000000070d200000, 0x000000070d400000|  0%| F|  |TAMS 0x000000070d200000, 0x000000070d200000| Untracked 
|  40|0x000000070d400000, 0x000000070d400000, 0x000000070d600000|  0%| F|  |TAMS 0x000000070d400000, 0x000000070d400000| Untracked 
|  41|0x000000070d600000, 0x000000070d600000, 0x000000070d800000|  0%| F|  |TAMS 0x000000070d600000, 0x000000070d600000| Untracked 
|  42|0x000000070d800000, 0x000000070d800000, 0x000000070da00000|  0%| F|  |TAMS 0x000000070d800000, 0x000000070d800000| Untracked 
|  43|0x000000070da00000, 0x000000070da00000, 0x000000070dc00000|  0%| F|  |TAMS 0x000000070da00000, 0x000000070da00000| Untracked 
|  44|0x000000070dc00000, 0x000000070dc00000, 0x000000070de00000|  0%| F|  |TAMS 0x000000070dc00000, 0x000000070dc00000| Untracked 
|  45|0x000000070de00000, 0x000000070de00000, 0x000000070e000000|  0%| F|  |TAMS 0x000000070de00000, 0x000000070de00000| Untracked 
|  46|0x000000070e000000, 0x000000070e000000, 0x000000070e200000|  0%| F|  |TAMS 0x000000070e000000, 0x000000070e000000| Untracked 
|  47|0x000000070e200000, 0x000000070e200000, 0x000000070e400000|  0%| F|  |TAMS 0x000000070e200000, 0x000000070e200000| Untracked 
|  48|0x000000070e400000, 0x000000070e400000, 0x000000070e600000|  0%| F|  |TAMS 0x000000070e400000, 0x000000070e400000| Untracked 
|  49|0x000000070e600000, 0x000000070e600000, 0x000000070e800000|  0%| F|  |TAMS 0x000000070e600000, 0x000000070e600000| Untracked 
|  50|0x000000070e800000, 0x000000070e800000, 0x000000070ea00000|  0%| F|  |TAMS 0x000000070e800000, 0x000000070e800000| Untracked 
|  51|0x000000070ea00000, 0x000000070ea00000, 0x000000070ec00000|  0%| F|  |TAMS 0x000000070ea00000, 0x000000070ea00000| Untracked 
|  52|0x000000070ec00000, 0x000000070ec00000, 0x000000070ee00000|  0%| F|  |TAMS 0x000000070ec00000, 0x000000070ec00000| Untracked 
|  53|0x000000070ee00000, 0x000000070ee00000, 0x000000070f000000|  0%| F|  |TAMS 0x000000070ee00000, 0x000000070ee00000| Untracked 
|  54|0x000000070f000000, 0x000000070f000000, 0x000000070f200000|  0%| F|  |TAMS 0x000000070f000000, 0x000000070f000000| Untracked 
|  55|0x000000070f200000, 0x000000070f200000, 0x000000070f400000|  0%| F|  |TAMS 0x000000070f200000, 0x000000070f200000| Untracked 
|  56|0x000000070f400000, 0x000000070f400000, 0x000000070f600000|  0%| F|  |TAMS 0x000000070f400000, 0x000000070f400000| Untracked 
|  57|0x000000070f600000, 0x000000070f600000, 0x000000070f800000|  0%| F|  |TAMS 0x000000070f600000, 0x000000070f600000| Untracked 
|  58|0x000000070f800000, 0x000000070f800000, 0x000000070fa00000|  0%| F|  |TAMS 0x000000070f800000, 0x000000070f800000| Untracked 
|  59|0x000000070fa00000, 0x000000070fa00000, 0x000000070fc00000|  0%| F|  |TAMS 0x000000070fa00000, 0x000000070fa00000| Untracked 
|  60|0x000000070fc00000, 0x000000070fc00000, 0x000000070fe00000|  0%| F|  |TAMS 0x000000070fc00000, 0x000000070fc00000| Untracked 
|  61|0x000000070fe00000, 0x000000070fe00000, 0x0000000710000000|  0%| F|  |TAMS 0x000000070fe00000, 0x000000070fe00000| Untracked 
|  62|0x0000000710000000, 0x0000000710000000, 0x0000000710200000|  0%| F|  |TAMS 0x0000000710000000, 0x0000000710000000| Untracked 
|  63|0x0000000710200000, 0x0000000710200000, 0x0000000710400000|  0%| F|  |TAMS 0x0000000710200000, 0x0000000710200000| Untracked 
|  64|0x0000000710400000, 0x0000000710400000, 0x0000000710600000|  0%| F|  |TAMS 0x0000000710400000, 0x0000000710400000| Untracked 
|  65|0x0000000710600000, 0x0000000710600000, 0x0000000710800000|  0%| F|  |TAMS 0x0000000710600000, 0x0000000710600000| Untracked 
|  66|0x0000000710800000, 0x0000000710800000, 0x0000000710a00000|  0%| F|  |TAMS 0x0000000710800000, 0x0000000710800000| Untracked 
|  67|0x0000000710a00000, 0x0000000710a00000, 0x0000000710c00000|  0%| F|  |TAMS 0x0000000710a00000, 0x0000000710a00000| Untracked 
|  68|0x0000000710c00000, 0x0000000710c00000, 0x0000000710e00000|  0%| F|  |TAMS 0x0000000710c00000, 0x0000000710c00000| Untracked 
|  69|0x0000000710e00000, 0x0000000710e00000, 0x0000000711000000|  0%| F|  |TAMS 0x0000000710e00000, 0x0000000710e00000| Untracked 
|  70|0x0000000711000000, 0x0000000711000000, 0x0000000711200000|  0%| F|  |TAMS 0x0000000711000000, 0x0000000711000000| Untracked 
|  71|0x0000000711200000, 0x0000000711200000, 0x0000000711400000|  0%| F|  |TAMS 0x0000000711200000, 0x0000000711200000| Untracked 
|  72|0x0000000711400000, 0x0000000711400000, 0x0000000711600000|  0%| F|  |TAMS 0x0000000711400000, 0x0000000711400000| Untracked 
|  73|0x0000000711600000, 0x0000000711600000, 0x0000000711800000|  0%| F|  |TAMS 0x0000000711600000, 0x0000000711600000| Untracked 
|  74|0x0000000711800000, 0x0000000711800000, 0x0000000711a00000|  0%| F|  |TAMS 0x0000000711800000, 0x0000000711800000| Untracked 
|  75|0x0000000711a00000, 0x0000000711a00000, 0x0000000711c00000|  0%| F|  |TAMS 0x0000000711a00000, 0x0000000711a00000| Untracked 
|  76|0x0000000711c00000, 0x0000000711c00000, 0x0000000711e00000|  0%| F|  |TAMS 0x0000000711c00000, 0x0000000711c00000| Untracked 
|  77|0x0000000711e00000, 0x0000000711e00000, 0x0000000712000000|  0%| F|  |TAMS 0x0000000711e00000, 0x0000000711e00000| Untracked 
|  78|0x0000000712000000, 0x0000000712000000, 0x0000000712200000|  0%| F|  |TAMS 0x0000000712000000, 0x0000000712000000| Untracked 
|  79|0x0000000712200000, 0x0000000712200000, 0x0000000712400000|  0%| F|  |TAMS 0x0000000712200000, 0x0000000712200000| Untracked 
|  80|0x0000000712400000, 0x0000000712400000, 0x0000000712600000|  0%| F|  |TAMS 0x0000000712400000, 0x0000000712400000| Untracked 
|  81|0x0000000712600000, 0x0000000712600000, 0x0000000712800000|  0%| F|  |TAMS 0x0000000712600000, 0x0000000712600000| Untracked 
|  82|0x0000000712800000, 0x0000000712800000, 0x0000000712a00000|  0%| F|  |TAMS 0x0000000712800000, 0x0000000712800000| Untracked 
|  83|0x0000000712a00000, 0x0000000712a00000, 0x0000000712c00000|  0%| F|  |TAMS 0x0000000712a00000, 0x0000000712a00000| Untracked 
|  84|0x0000000712c00000, 0x0000000712c00000, 0x0000000712e00000|  0%| F|  |TAMS 0x0000000712c00000, 0x0000000712c00000| Untracked 
|  85|0x0000000712e00000, 0x0000000712e00000, 0x0000000713000000|  0%| F|  |TAMS 0x0000000712e00000, 0x0000000712e00000| Untracked 
|  86|0x0000000713000000, 0x0000000713000000, 0x0000000713200000|  0%| F|  |TAMS 0x0000000713000000, 0x0000000713000000| Untracked 
|  87|0x0000000713200000, 0x0000000713200000, 0x0000000713400000|  0%| F|  |TAMS 0x0000000713200000, 0x0000000713200000| Untracked 
|  88|0x0000000713400000, 0x0000000713400000, 0x0000000713600000|  0%| F|  |TAMS 0x0000000713400000, 0x0000000713400000| Untracked 
|  89|0x0000000713600000, 0x0000000713600000, 0x0000000713800000|  0%| F|  |TAMS 0x0000000713600000, 0x0000000713600000| Untracked 
|  90|0x0000000713800000, 0x0000000713800000, 0x0000000713a00000|  0%| F|  |TAMS 0x0000000713800000, 0x0000000713800000| Untracked 
|  91|0x0000000713a00000, 0x0000000713a00000, 0x0000000713c00000|  0%| F|  |TAMS 0x0000000713a00000, 0x0000000713a00000| Untracked 
|  92|0x0000000713c00000, 0x0000000713c00000, 0x0000000713e00000|  0%| F|  |TAMS 0x0000000713c00000, 0x0000000713c00000| Untracked 
|  93|0x0000000713e00000, 0x0000000713e00000, 0x0000000714000000|  0%| F|  |TAMS 0x0000000713e00000, 0x0000000713e00000| Untracked 
|  94|0x0000000714000000, 0x0000000714000000, 0x0000000714200000|  0%| F|  |TAMS 0x0000000714000000, 0x0000000714000000| Untracked 
|  95|0x0000000714200000, 0x0000000714200000, 0x0000000714400000|  0%| F|  |TAMS 0x0000000714200000, 0x0000000714200000| Untracked 
|  96|0x0000000714400000, 0x0000000714400000, 0x0000000714600000|  0%| F|  |TAMS 0x0000000714400000, 0x0000000714400000| Untracked 
|  97|0x0000000714600000, 0x0000000714600000, 0x0000000714800000|  0%| F|  |TAMS 0x0000000714600000, 0x0000000714600000| Untracked 
|  98|0x0000000714800000, 0x0000000714800000, 0x0000000714a00000|  0%| F|  |TAMS 0x0000000714800000, 0x0000000714800000| Untracked 
|  99|0x0000000714a00000, 0x0000000714a00000, 0x0000000714c00000|  0%| F|  |TAMS 0x0000000714a00000, 0x0000000714a00000| Untracked 
| 100|0x0000000714c00000, 0x0000000714c00000, 0x0000000714e00000|  0%| F|  |TAMS 0x0000000714c00000, 0x0000000714c00000| Untracked 
| 101|0x0000000714e00000, 0x0000000714e00000, 0x0000000715000000|  0%| F|  |TAMS 0x0000000714e00000, 0x0000000714e00000| Untracked 
| 102|0x0000000715000000, 0x0000000715000000, 0x0000000715200000|  0%| F|  |TAMS 0x0000000715000000, 0x0000000715000000| Untracked 
| 103|0x0000000715200000, 0x0000000715200000, 0x0000000715400000|  0%| F|  |TAMS 0x0000000715200000, 0x0000000715200000| Untracked 
| 104|0x0000000715400000, 0x0000000715400000, 0x0000000715600000|  0%| F|  |TAMS 0x0000000715400000, 0x0000000715400000| Untracked 
| 105|0x0000000715600000, 0x0000000715600000, 0x0000000715800000|  0%| F|  |TAMS 0x0000000715600000, 0x0000000715600000| Untracked 
| 106|0x0000000715800000, 0x0000000715800000, 0x0000000715a00000|  0%| F|  |TAMS 0x0000000715800000, 0x0000000715800000| Untracked 
| 107|0x0000000715a00000, 0x0000000715a00000, 0x0000000715c00000|  0%| F|  |TAMS 0x0000000715a00000, 0x0000000715a00000| Untracked 
| 108|0x0000000715c00000, 0x0000000715c00000, 0x0000000715e00000|  0%| F|  |TAMS 0x0000000715c00000, 0x0000000715c00000| Untracked 
| 109|0x0000000715e00000, 0x0000000715e00000, 0x0000000716000000|  0%| F|  |TAMS 0x0000000715e00000, 0x0000000715e00000| Untracked 
| 110|0x0000000716000000, 0x0000000716000000, 0x0000000716200000|  0%| F|  |TAMS 0x0000000716000000, 0x0000000716000000| Untracked 
| 111|0x0000000716200000, 0x0000000716200000, 0x0000000716400000|  0%| F|  |TAMS 0x0000000716200000, 0x0000000716200000| Untracked 
| 112|0x0000000716400000, 0x0000000716400000, 0x0000000716600000|  0%| F|  |TAMS 0x0000000716400000, 0x0000000716400000| Untracked 
| 113|0x0000000716600000, 0x0000000716600000, 0x0000000716800000|  0%| F|  |TAMS 0x0000000716600000, 0x0000000716600000| Untracked 
| 114|0x0000000716800000, 0x0000000716871270, 0x0000000716a00000| 22%| E|  |TAMS 0x0000000716800000, 0x0000000716800000| Complete 
| 115|0x0000000716a00000, 0x0000000716c00000, 0x0000000716c00000|100%| E|CS|TAMS 0x0000000716a00000, 0x0000000716a00000| Complete 
| 116|0x0000000716c00000, 0x0000000716e00000, 0x0000000716e00000|100%| E|CS|TAMS 0x0000000716c00000, 0x0000000716c00000| Complete 
| 117|0x0000000716e00000, 0x0000000717000000, 0x0000000717000000|100%| E|CS|TAMS 0x0000000716e00000, 0x0000000716e00000| Complete 
| 118|0x0000000717000000, 0x0000000717200000, 0x0000000717200000|100%| E|CS|TAMS 0x0000000717000000, 0x0000000717000000| Complete 
| 119|0x0000000717200000, 0x0000000717400000, 0x0000000717400000|100%| E|CS|TAMS 0x0000000717200000, 0x0000000717200000| Complete 
| 120|0x0000000717400000, 0x0000000717600000, 0x0000000717600000|100%| E|CS|TAMS 0x0000000717400000, 0x0000000717400000| Complete 
| 121|0x0000000717600000, 0x0000000717800000, 0x0000000717800000|100%| E|CS|TAMS 0x0000000717600000, 0x0000000717600000| Complete 
| 122|0x0000000717800000, 0x0000000717a00000, 0x0000000717a00000|100%| E|CS|TAMS 0x0000000717800000, 0x0000000717800000| Complete 
| 123|0x0000000717a00000, 0x0000000717c00000, 0x0000000717c00000|100%| E|CS|TAMS 0x0000000717a00000, 0x0000000717a00000| Complete 

Card table byte_map: [0x00007efe543a4000,0x00007efe54b62000] _byte_map_base: 0x00007efe50b62000

Marking Bits (Prev, Next): (CMBitMap*) 0x00007efe50098e10, (CMBitMap*) 0x00007efe50098e50
 Prev Bits: [0x00007efe39252000, 0x00007efe3d042000)
 Next Bits: [0x00007efe35462000, 0x00007efe39252000)

Polling page: 0x00007efe57799000

Metaspace:

Usage:
  Non-class:     10,73 MB used.
      Class:      1,04 MB used.
       Both:     11,77 MB used.

Virtual space:
  Non-class space:       64,00 MB reserved,      10,81 MB ( 17%) committed,  1 nodes.
      Class space:        1,00 GB reserved,       1,19 MB ( <1%) committed,  1 nodes.
             Both:        1,06 GB reserved,      12,00 MB (  1%) committed. 

Chunk freelists:
   Non-Class:  576,00 KB
       Class:  2,67 MB
        Both:  3,24 MB

MaxMetaspaceSize: unlimited
CompressedClassSpaceSize: 1,00 GB
Initial GC threshold: 21,00 MB
Current GC threshold: 21,00 MB
CDS: off
MetaspaceReclaimPolicy: balanced
 - commit_granule_bytes: 65536.
 - commit_granule_words: 8192.
 - virtual_space_node_default_size: 8388608.
 - enlarge_chunks_in_place: 1.
 - new_chunks_are_fully_committed: 0.
 - uncommit_free_chunks: 1.
 - use_allocation_guard: 0.


Internal statistics:

num_allocs_failed_limit: 0.
num_arena_births: 182.
num_arena_deaths: 0.
num_vsnodes_births: 2.
num_vsnodes_deaths: 0.
num_space_committed: 192.
num_space_uncommitted: 0.
num_chunks_returned_to_freelist: 0.
num_chunks_taken_from_freelist: 265.
num_chunk_merges: 0.
num_chunk_splits: 164.
num_chunks_enlarged: 103.
num_inconsistent_stats: 0.

CodeHeap 'non-profiled nmethods': size=120028Kb used=449Kb max_used=449Kb free=119579Kb
 bounds [0x00007efe452c9000, 0x00007efe45539000, 0x00007efe4c800000]
CodeHeap 'profiled nmethods': size=120028Kb used=1875Kb max_used=1875Kb free=118152Kb
 bounds [0x00007efe3dd92000, 0x00007efe3e002000, 0x00007efe452c9000]
CodeHeap 'non-nmethods': size=5704Kb used=1208Kb max_used=1226Kb free=4495Kb
 bounds [0x00007efe3d800000, 0x00007efe3da70000, 0x00007efe3dd92000]
 total_blobs=1583 nmethods=1149 adapters=348
 compilation: enabled
              stopped_count=0, restarted_count=0
 full_count=0

Compilation events (20 events):
Event: 9,753 Thread 0x00007efe501be0b0 1140       3       java.lang.Integer::valueOf (32 bytes)
Event: 9,753 Thread 0x00007efe501be0b0 nmethod 1140 0x00007efe3df65410 code [0x00007efe3df655e0, 0x00007efe3df658f0]
Event: 9,754 Thread 0x00007efe501be0b0 1141       3       java.lang.Integer::hashCode (8 bytes)
Event: 9,754 Thread 0x00007efe501be0b0 nmethod 1141 0x00007efe3df65a10 code [0x00007efe3df65bc0, 0x00007efe3df65d10]
Event: 9,754 Thread 0x00007efe501be0b0 1142       3       java.lang.Integer::hashCode (2 bytes)
Event: 9,754 Thread 0x00007efe501be0b0 nmethod 1142 0x00007efe3df65e10 code [0x00007efe3df65fa0, 0x00007efe3df66090]
Event: 10,425 Thread 0x00007efe501be0b0 1143       1       java.util.stream.Collectors$CollectorImpl::characteristics (5 bytes)
Event: 10,425 Thread 0x00007efe501be0b0 nmethod 1143 0x00007efe45338810 code [0x00007efe453389a0, 0x00007efe45338a70]
Event: 10,426 Thread 0x00007efe501be0b0 1144       3       java.util.ImmutableCollections$ListItr::hasNext (17 bytes)
Event: 10,426 Thread 0x00007efe501be0b0 nmethod 1144 0x00007efe3df66110 code [0x00007efe3df662a0, 0x00007efe3df66410]
Event: 10,426 Thread 0x00007efe501be0b0 1145       3       java.util.ArrayList::toArray (12 bytes)
Event: 10,427 Thread 0x00007efe501be0b0 nmethod 1145 0x00007efe3df66490 code [0x00007efe3df66640, 0x00007efe3df66820]
Event: 33,189 Thread 0x00007efe501be0b0 1146       1       java.net.URL::getAuthority (5 bytes)
Event: 33,189 Thread 0x00007efe501be0b0 nmethod 1146 0x00007efe45338b10 code [0x00007efe45338ca0, 0x00007efe45338d70]
Event: 33,189 Thread 0x00007efe501be0b0 1147       1       java.net.URL::getQuery (5 bytes)
Event: 33,189 Thread 0x00007efe501be0b0 nmethod 1147 0x00007efe45338e10 code [0x00007efe45338fa0, 0x00007efe45339070]
Event: 33,189 Thread 0x00007efe501be0b0 1148       1       java.net.URL::getRef (5 bytes)
Event: 33,189 Thread 0x00007efe501be0b0 nmethod 1148 0x00007efe45339110 code [0x00007efe453392a0, 0x00007efe45339370]
Event: 33,189 Thread 0x00007efe501be0b0 1149       3       org.eclipse.jdt.launching.internal.org.objectweb.asm.Type::<init> (26 bytes)
Event: 33,189 Thread 0x00007efe501be0b0 nmethod 1149 0x00007efe3df66910 code [0x00007efe3df66ac0, 0x00007efe3df66c90]

GC Heap History (0 events):
No events

Deoptimization events (20 events):
Event: 0,592 Thread 0x00007efe50028fd0 Uncommon trap: trap_request=0xffffffde fr.pc=0x00007efe453266d4 relative=0x0000000000000134
Event: 0,592 Thread 0x00007efe50028fd0 Uncommon trap: reason=class_check action=maybe_recompile pc=0x00007efe453266d4 method=jdk.internal.misc.Unsafe.allocateUninitializedArray(Ljava/lang/Class;I)Ljava/lang/Object; @ 51 c2
Event: 0,592 Thread 0x00007efe50028fd0 DEOPT PACKING pc=0x00007efe453266d4 sp=0x00007efe55ffcac0
Event: 0,592 Thread 0x00007efe50028fd0 DEOPT UNPACKING pc=0x00007efe3d852099 sp=0x00007efe55ffca68 mode 2
Event: 0,602 Thread 0x00007efe50028fd0 Uncommon trap: trap_request=0xffffff45 fr.pc=0x00007efe4531ed78 relative=0x00000000000007b8
Event: 0,602 Thread 0x00007efe50028fd0 Uncommon trap: reason=unstable_if action=reinterpret pc=0x00007efe4531ed78 method=org.eclipse.jdt.launching.internal.org.objectweb.asm.ClassReader.readUtf(II[C)Ljava/lang/String; @ 41 c2
Event: 0,602 Thread 0x00007efe50028fd0 DEOPT PACKING pc=0x00007efe4531ed78 sp=0x00007efe55ffc010
Event: 0,602 Thread 0x00007efe50028fd0 DEOPT UNPACKING pc=0x00007efe3d852099 sp=0x00007efe55ffbff8 mode 2
Event: 8,920 Thread 0x00007efe50028fd0 Uncommon trap: trap_request=0xffffffc6 fr.pc=0x00007efe453006d8 relative=0x00000000000019d8
Event: 8,920 Thread 0x00007efe50028fd0 Uncommon trap: reason=bimorphic_or_optimized_type_check action=maybe_recompile pc=0x00007efe453006d8 method=java.util.stream.ReferencePipeline$2$1.accept(Ljava/lang/Object;)V @ 21 c2
Event: 8,920 Thread 0x00007efe50028fd0 DEOPT PACKING pc=0x00007efe453006d8 sp=0x00007efe55ffe210
Event: 8,920 Thread 0x00007efe50028fd0 DEOPT UNPACKING pc=0x00007efe3d852099 sp=0x00007efe55ffe2b8 mode 2
Event: 9,754 Thread 0x00007efe50028fd0 Uncommon trap: trap_request=0xffffffc6 fr.pc=0x00007efe453006d8 relative=0x00000000000019d8
Event: 9,754 Thread 0x00007efe50028fd0 Uncommon trap: reason=bimorphic_or_optimized_type_check action=maybe_recompile pc=0x00007efe453006d8 method=java.util.stream.ReferencePipeline$2$1.accept(Ljava/lang/Object;)V @ 21 c2
Event: 9,754 Thread 0x00007efe50028fd0 DEOPT PACKING pc=0x00007efe453006d8 sp=0x00007efe55ffe210
Event: 9,754 Thread 0x00007efe50028fd0 DEOPT UNPACKING pc=0x00007efe3d852099 sp=0x00007efe55ffe2b8 mode 2
Event: 10,426 Thread 0x00007efe50028fd0 Uncommon trap: trap_request=0xffffffc6 fr.pc=0x00007efe453006d8 relative=0x00000000000019d8
Event: 10,426 Thread 0x00007efe50028fd0 Uncommon trap: reason=bimorphic_or_optimized_type_check action=maybe_recompile pc=0x00007efe453006d8 method=java.util.stream.ReferencePipeline$2$1.accept(Ljava/lang/Object;)V @ 21 c2
Event: 10,426 Thread 0x00007efe50028fd0 DEOPT PACKING pc=0x00007efe453006d8 sp=0x00007efe55ffe210
Event: 10,426 Thread 0x00007efe50028fd0 DEOPT UNPACKING pc=0x00007efe3d852099 sp=0x00007efe55ffe2b8 mode 2

Classes loaded (20 events):
Event: 8,915 Loading class java/util/AbstractList$RandomAccessSubList
Event: 8,915 Loading class java/util/AbstractList$SubList
Event: 8,915 Loading class java/util/AbstractList$SubList done
Event: 8,915 Loading class java/util/AbstractList$RandomAccessSubList done
Event: 8,915 Loading class java/util/AbstractList$SubList$1
Event: 8,915 Loading class java/util/AbstractList$SubList$1 done
Event: 8,916 Loading class java/util/AbstractList$ListItr
Event: 8,916 Loading class java/util/AbstractList$Itr
Event: 8,916 Loading class java/util/AbstractList$Itr done
Event: 8,916 Loading class java/util/AbstractList$ListItr done
Event: 8,916 Loading class java/lang/invoke/MethodHandleImpl$CasesHolder
Event: 8,916 Loading class java/lang/invoke/MethodHandleImpl$CasesHolder done
Event: 8,916 Loading class java/lang/invoke/MethodHandleImpl$LoopClauses
Event: 8,916 Loading class java/lang/invoke/MethodHandleImpl$LoopClauses done
Event: 8,917 Loading class java/lang/invoke/MethodHandleImpl$CountingWrapper
Event: 8,917 Loading class java/lang/invoke/MethodHandleImpl$CountingWrapper done
Event: 8,918 Loading class jdk/internal/org/objectweb/asm/Edge
Event: 8,918 Loading class jdk/internal/org/objectweb/asm/Edge done
Event: 10,426 Loading class java/lang/invoke/MethodHandleImpl$CountingWrapper$1
Event: 10,426 Loading class java/lang/invoke/MethodHandleImpl$CountingWrapper$1 done

Classes unloaded (0 events):
No events

Classes redefined (1 events):
Event: 33,194 Thread 0x00007efe50182c50 redefined class name=ejercicios.ejercicio3.Ejer3Vertex, count=1

Internal exceptions (20 events):
Event: 0,542 Thread 0x00007efe50028fd0 Exception <a 'java/lang/NoSuchMethodError'{0x0000000716c82070}: 'java.lang.Object java.lang.invoke.DirectMethodHandle$Holder.invokeStatic(java.lang.Object, java.lang.Object, int)'> (0x0000000716c82070) 
thrown [../../src/hotspot/share/interpreter/linkResolver.cpp, line 758]
Event: 0,573 Thread 0x00007efe50028fd0 Exception <a 'java/lang/NoSuchMethodError'{0x0000000716d52bf8}: 'java.lang.Object java.lang.invoke.DirectMethodHandle$Holder.invokeStaticInit(java.lang.Object, java.lang.Object, java.lang.Object, java.lang.Object)'> (0x0000000716d52bf8) 
thrown [../../src/hotspot/share/interpreter/linkResolver.cpp, line 758]
Event: 0,576 Thread 0x00007efe50028fd0 Exception <a 'java/lang/NoSuchMethodError'{0x0000000716d7fae0}: 'java.lang.Object java.lang.invoke.DirectMethodHandle$Holder.invokeStaticInit(java.lang.Object, java.lang.Object, java.lang.Object, java.lang.Object, java.lang.Object, java.lang.Object, java.lang.Object)'> (0x0000000716d7fae0) 
thrown [../../src/hotspot/share/interpreter/linkResolver.cpp, line 758]
Event: 0,578 Thread 0x00007efe50028fd0 Exception <a 'java/lang/NoSuchMethodError'{0x0000000716d8b0e8}: 'java.lang.Object java.lang.invoke.DirectMethodHandle$Holder.invokeSpecial(java.lang.Object, java.lang.Object, java.lang.Object, java.lang.Object, java.lang.Object, java.lang.Object, java.lang.Object, java.lang.Object, java.lang.Object, java.lang.Object)'> (0x0000000716d8b0e8) 
thrown [../../src/hotspot/share/interpreter/linkResolver.cpp, line 758]
Event: 0,579 Thread 0x00007efe50028fd0 Exception <a 'java/lang/NoSuchMethodError'{0x0000000716d8f6d0}: 'java.lang.Object java.lang.invoke.Invokers$Holder.invoke_MT(java.lang.Object, java.lang.Object, java.lang.Object, java.lang.Object, java.lang.Object, java.lang.Object, java.lang.Object, java.lang.Object, java.lang.Object, java.lang.Object)'> (0x0000000716d8f6d0) 
thrown [../../src/hotspot/share/interpreter/linkResolver.cpp, line 758]
Event: 0,583 Thread 0x00007efe50028fd0 Exception <a 'java/lang/NoSuchMethodError'{0x0000000716dadef8}: 'void java.lang.invoke.DelegatingMethodHandle$Holder.delegate(java.lang.Object, java.lang.Object, int, java.lang.Object)'> (0x0000000716dadef8) 
thrown [../../src/hotspot/share/interpreter/linkResolver.cpp, line 758]
Event: 0,583 Thread 0x00007efe50028fd0 Exception <a 'java/lang/NoSuchMethodError'{0x0000000716db1f38}: 'int java.lang.invoke.DirectMethodHandle$Holder.invokeSpecial(java.lang.Object, java.lang.Object, java.lang.Object)'> (0x0000000716db1f38) 
thrown [../../src/hotspot/share/interpreter/linkResolver.cpp, line 758]
Event: 0,589 Thread 0x00007efe50028fd0 Exception <a 'java/lang/NoSuchMethodError'{0x0000000716dd9968}: 'int java.lang.invoke.DirectMethodHandle$Holder.invokeVirtual(java.lang.Object, java.lang.Object, java.lang.Object)'> (0x0000000716dd9968) 
thrown [../../src/hotspot/share/interpreter/linkResolver.cpp, line 758]
Event: 0,589 Thread 0x00007efe50028fd0 Exception <a 'java/lang/NoSuchMethodError'{0x0000000716ddd250}: 'int java.lang.invoke.DirectMethodHandle$Holder.invokeVirtual(java.lang.Object, java.lang.Object)'> (0x0000000716ddd250) 
thrown [../../src/hotspot/share/interpreter/linkResolver.cpp, line 758]
Event: 0,590 Thread 0x00007efe50028fd0 Exception <a 'java/lang/NoSuchMethodError'{0x0000000716de1600}: 'int java.lang.invoke.DirectMethodHandle$Holder.invokeStaticInit(java.lang.Object, java.lang.Object, java.lang.Object)'> (0x0000000716de1600) 
thrown [../../src/hotspot/share/interpreter/linkResolver.cpp, line 758]
Event: 0,590 Thread 0x00007efe50028fd0 Exception <a 'java/lang/NoSuchMethodError'{0x0000000716de4eb0}: 'int java.lang.invoke.DirectMethodHandle$Holder.invokeStaticInit(java.lang.Object, int, int)'> (0x0000000716de4eb0) 
thrown [../../src/hotspot/share/interpreter/linkResolver.cpp, line 758]
Event: 0,591 Thread 0x00007efe50028fd0 Exception <a 'java/lang/NoSuchMethodError'{0x0000000716dec7b0}: 'int java.lang.invoke.DirectMethodHandle$Holder.invokeStaticInit(java.lang.Object, long, long)'> (0x0000000716dec7b0) 
thrown [../../src/hotspot/share/interpreter/linkResolver.cpp, line 758]
Event: 0,592 Thread 0x00007efe50028fd0 Exception <a 'java/lang/NoSuchMethodError'{0x0000000716df3608}: 'int java.lang.invoke.DirectMethodHandle$Holder.invokeStaticInit(java.lang.Object, float, float)'> (0x0000000716df3608) 
thrown [../../src/hotspot/share/interpreter/linkResolver.cpp, line 758]
Event: 0,593 Thread 0x00007efe50028fd0 Exception <a 'java/lang/NoSuchMethodError'{0x0000000716dfa458}: 'int java.lang.invoke.DirectMethodHandle$Holder.invokeStaticInit(java.lang.Object, double, double)'> (0x0000000716dfa458) 
thrown [../../src/hotspot/share/interpreter/linkResolver.cpp, line 758]
Event: 0,593 Thread 0x00007efe50028fd0 Exception <a 'java/lang/NoSuchMethodError'{0x0000000716dfea90}: 'int java.lang.invoke.DirectMethodHandle$Holder.invokeStatic(java.lang.Object, long)'> (0x0000000716dfea90) 
thrown [../../src/hotspot/share/interpreter/linkResolver.cpp, line 758]
Event: 0,598 Thread 0x00007efe50028fd0 Exception <a 'java/lang/NoSuchMethodError'{0x0000000716a26f18}: 'int java.lang.invoke.Invokers$Holder.linkToTargetMethod(java.lang.Object, java.lang.Object)'> (0x0000000716a26f18) 
thrown [../../src/hotspot/share/interpreter/linkResolver.cpp, line 758]
Event: 0,616 Thread 0x00007efe50028fd0 Exception <a 'java/lang/NoSuchMethodError'{0x0000000716b59340}: 'int java.lang.invoke.DirectMethodHandle$Holder.invokeSpecialIFC(java.lang.Object, java.lang.Object, java.lang.Object, java.lang.Object)'> (0x0000000716b59340) 
thrown [../../src/hotspot/share/interpreter/linkResolver.cpp, line 758]
Event: 8,910 Thread 0x00007efe50028fd0 Exception <a 'java/lang/NoSuchMethodError'{0x0000000716bd98f8}: 'java.lang.Object java.lang.invoke.DirectMethodHandle$Holder.invokeSpecialIFC(java.lang.Object, java.lang.Object, java.lang.Object)'> (0x0000000716bd98f8) 
thrown [../../src/hotspot/share/interpreter/linkResolver.cpp, line 758]
Event: 8,917 Thread 0x00007efe50028fd0 Exception <a 'java/lang/NoSuchMethodError'{0x000000071682a078}: 'java.lang.Object java.lang.invoke.DelegatingMethodHandle$Holder.delegate(java.lang.Object, int, java.lang.Object, java.lang.Object)'> (0x000000071682a078) 
thrown [../../src/hotspot/share/interpreter/linkResolver.cpp, line 758]
Event: 8,919 Thread 0x00007efe50028fd0 Exception <a 'java/lang/NoSuchMethodError'{0x000000071683b7f8}: 'int java.lang.invoke.Invokers$Holder.linkToTargetMethod(java.lang.Object, java.lang.Object, java.lang.Object)'> (0x000000071683b7f8) 
thrown [../../src/hotspot/share/interpreter/linkResolver.cpp, line 758]

VM Operations (20 events):
Event: 13,122 Executing VM operation: get/set locals
Event: 13,122 Executing VM operation: get/set locals done
Event: 13,124 Executing VM operation: get/set locals
Event: 13,124 Executing VM operation: get/set locals done
Event: 13,127 Executing VM operation: get/set locals
Event: 13,127 Executing VM operation: get/set locals done
Event: 33,185 Executing VM operation: ChangeSingleStep
Event: 33,185 Executing VM operation: ChangeSingleStep done
Event: 33,185 Executing VM operation: ChangeSingleStep
Event: 33,185 Executing VM operation: ChangeSingleStep done
Event: 33,191 Executing VM operation: RedefineClasses
Event: 33,198 Executing VM operation: RedefineClasses done
Event: 33,206 Executing VM operation: ChangeBreakpoints
Event: 33,206 Executing VM operation: ChangeBreakpoints done
Event: 33,208 Executing VM operation: ChangeSingleStep
Event: 33,208 Executing VM operation: ChangeSingleStep done
Event: 33,208 Executing VM operation: get/set locals
Event: 33,208 Executing VM operation: get/set locals done
Event: 33,209 Executing VM operation: ChangeSingleStep
Event: 33,209 Executing VM operation: ChangeSingleStep done

Events (20 events):
Event: 0,124 Loaded shared library /home/yisus/.p2/pool/plugins/org.eclipse.justj.openjdk.hotspot.jre.full.linux.x86_64_18.0.2.v20221005-1040/jre/lib/libnet.so
Event: 0,164 Thread 0x00007efdf40c4630 Thread added: 0x00007efdf40c4630
Event: 0,164 Protecting memory [0x00007efe24f00000,0x00007efe24f04000] with protection modes 0
Event: 0,182 Loaded shared library /home/yisus/.p2/pool/plugins/org.eclipse.justj.openjdk.hotspot.jre.full.linux.x86_64_18.0.2.v20221005-1040/jre/lib/libzip.so
Event: 0,230 Thread 0x00007efdf415edd0 Thread added: 0x00007efdf415edd0
Event: 0,230 Protecting memory [0x00007efe24e00000,0x00007efe24e04000] with protection modes 0
Event: 0,294 Thread 0x00007efe50332a60 Thread added: 0x00007efe50332a60
Event: 0,294 Protecting memory [0x00007efe24d00000,0x00007efe24d04000] with protection modes 0
Event: 0,294 Thread 0x00007efe5034e6f0 Thread added: 0x00007efe5034e6f0
Event: 0,294 Protecting memory [0x00007efe24c00000,0x00007efe24c04000] with protection modes 0
Event: 0,295 Thread 0x00007efde8001130 Thread added: 0x00007efde8001130
Event: 0,295 Protecting memory [0x00007efe24b00000,0x00007efe24b04000] with protection modes 0
Event: 0,321 Loaded shared library /home/yisus/.p2/pool/plugins/org.eclipse.justj.openjdk.hotspot.jre.full.linux.x86_64_18.0.2.v20221005-1040/jre/lib/libzip.so
Event: 0,322 Loaded shared library /home/yisus/.p2/pool/plugins/org.eclipse.justj.openjdk.hotspot.jre.full.linux.x86_64_18.0.2.v20221005-1040/jre/lib/libinstrument.so
Event: 0,414 Loaded shared library /home/yisus/.p2/pool/plugins/org.eclipse.justj.openjdk.hotspot.jre.full.linux.x86_64_18.0.2.v20221005-1040/jre/lib/libjimage.so
Event: 0,494 Thread 0x00007efe503f8fc0 Thread added: 0x00007efe503f8fc0
Event: 0,494 Protecting memory [0x00007efe24a00000,0x00007efe24a04000] with protection modes 0
Event: 0,500 Loaded shared library /home/yisus/.p2/pool/plugins/org.eclipse.justj.openjdk.hotspot.jre.full.linux.x86_64_18.0.2.v20221005-1040/jre/lib/libverify.so
Event: 0,969 Thread 0x00007efdf415edd0 Thread exited: 0x00007efdf415edd0
Event: 0,969 Thread 0x00007efdf40c4630 Thread exited: 0x00007efdf40c4630


Dynamic libraries:
708400000-717c00000 rw-p 00000000 00:00 0 
717c00000-800000000 ---p 00000000 00:00 0 
800000000-800020000 rw-p 00000000 00:00 0 
800020000-800040000 rw-p 00000000 00:00 0 
800040000-8000c0000 rw-p 00000000 00:00 0 
8000c0000-8000e0000 rw-p 00000000 00:00 0 
8000e0000-800120000 rw-p 00000000 00:00 0 
800120000-800140000 ---p 00000000 00:00 0 
800140000-800150000 rw-p 00000000 00:00 0 
800150000-840000000 ---p 00000000 00:00 0 
55ef82f56000-55ef82f57000 r--p 00000000 fd:01 10096803                   /home/yisus/.p2/pool/plugins/org.eclipse.justj.openjdk.hotspot.jre.full.linux.x86_64_18.0.2.v20221005-1040/jre/bin/java
55ef82f57000-55ef82f58000 r-xp 00001000 fd:01 10096803                   /home/yisus/.p2/pool/plugins/org.eclipse.justj.openjdk.hotspot.jre.full.linux.x86_64_18.0.2.v20221005-1040/jre/bin/java
55ef82f58000-55ef82f59000 r--p 00002000 fd:01 10096803                   /home/yisus/.p2/pool/plugins/org.eclipse.justj.openjdk.hotspot.jre.full.linux.x86_64_18.0.2.v20221005-1040/jre/bin/java
55ef82f59000-55ef82f5a000 r--p 00002000 fd:01 10096803                   /home/yisus/.p2/pool/plugins/org.eclipse.justj.openjdk.hotspot.jre.full.linux.x86_64_18.0.2.v20221005-1040/jre/bin/java
55ef82f5a000-55ef82f5b000 rw-p 00003000 fd:01 10096803                   /home/yisus/.p2/pool/plugins/org.eclipse.justj.openjdk.hotspot.jre.full.linux.x86_64_18.0.2.v20221005-1040/jre/bin/java
55ef83c5a000-55ef83ca2000 rw-p 00000000 00:00 0                          [heap]
7efdd4000000-7efdd4021000 rw-p 00000000 00:00 0 
7efdd4021000-7efdd8000000 ---p 00000000 00:00 0 
7efdd8000000-7efdd8021000 rw-p 00000000 00:00 0 
7efdd8021000-7efddc000000 ---p 00000000 00:00 0 
7efddc000000-7efddc021000 rw-p 00000000 00:00 0 
7efddc021000-7efde0000000 ---p 00000000 00:00 0 
7efde0000000-7efde0021000 rw-p 00000000 00:00 0 
7efde0021000-7efde4000000 ---p 00000000 00:00 0 
7efde4000000-7efde4282000 rw-p 00000000 00:00 0 
7efde4282000-7efde8000000 ---p 00000000 00:00 0 
7efde8000000-7efde8021000 rw-p 00000000 00:00 0 
7efde8021000-7efdec000000 ---p 00000000 00:00 0 
7efdec000000-7efdec021000 rw-p 00000000 00:00 0 
7efdec021000-7efdf0000000 ---p 00000000 00:00 0 
7efdf0000000-7efdf0271000 rw-p 00000000 00:00 0 
7efdf0271000-7efdf4000000 ---p 00000000 00:00 0 
7efdf4000000-7efdf420d000 rw-p 00000000 00:00 0 
7efdf420d000-7efdf8000000 ---p 00000000 00:00 0 
7efdf8000000-7efdf8021000 rw-p 00000000 00:00 0 
7efdf8021000-7efdfc000000 ---p 00000000 00:00 0 
7efdfc000000-7efdfc021000 rw-p 00000000 00:00 0 
7efdfc021000-7efe00000000 ---p 00000000 00:00 0 
7efe00000000-7efe002c9000 rw-p 00000000 00:00 0 
7efe002c9000-7efe04000000 ---p 00000000 00:00 0 
7efe04000000-7efe04021000 rw-p 00000000 00:00 0 
7efe04021000-7efe08000000 ---p 00000000 00:00 0 
7efe08000000-7efe08021000 rw-p 00000000 00:00 0 
7efe08021000-7efe0c000000 ---p 00000000 00:00 0 
7efe0c000000-7efe0c021000 rw-p 00000000 00:00 0 
7efe0c021000-7efe10000000 ---p 00000000 00:00 0 
7efe10000000-7efe10021000 rw-p 00000000 00:00 0 
7efe10021000-7efe14000000 ---p 00000000 00:00 0 
7efe14000000-7efe14021000 rw-p 00000000 00:00 0 
7efe14021000-7efe18000000 ---p 00000000 00:00 0 
7efe18000000-7efe18021000 rw-p 00000000 00:00 0 
7efe18021000-7efe1c000000 ---p 00000000 00:00 0 
7efe1c000000-7efe1c500000 rw-p 00000000 00:00 0 
7efe1c500000-7efe1c520000 rw-p 00000000 00:00 0 
7efe1c520000-7efe1c540000 rw-p 00000000 00:00 0 
7efe1c540000-7efe1c580000 rw-p 00000000 00:00 0 
7efe1c580000-7efe1c700000 rw-p 00000000 00:00 0 
7efe1c700000-7efe1c720000 rw-p 00000000 00:00 0 
7efe1c720000-7efe1c740000 rw-p 00000000 00:00 0 
7efe1c740000-7efe1c780000 rw-p 00000000 00:00 0 
7efe1c780000-7efe1c900000 rw-p 00000000 00:00 0 
7efe1c900000-7efe1c960000 rw-p 00000000 00:00 0 
7efe1c960000-7efe1c980000 rw-p 00000000 00:00 0 
7efe1c980000-7efe1ca70000 rw-p 00000000 00:00 0 
7efe1ca70000-7efe1cb00000 ---p 00000000 00:00 0 
7efe1cb00000-7efe1cb60000 rw-p 00000000 00:00 0 
7efe1cb60000-7efe20000000 ---p 00000000 00:00 0 
7efe20000000-7efe20021000 rw-p 00000000 00:00 0 
7efe20021000-7efe24000000 ---p 00000000 00:00 0 
7efe244f9000-7efe248fe000 rw-p 00000000 00:00 0 
7efe248fe000-7efe248ff000 ---p 00000000 00:00 0 
7efe248ff000-7efe24a00000 rw-p 00000000 00:00 0 
7efe24a00000-7efe24a04000 ---p 00000000 00:00 0 
7efe24a04000-7efe24b00000 rw-p 00000000 00:00 0 
7efe24b00000-7efe24b04000 ---p 00000000 00:00 0 
7efe24b04000-7efe24c00000 rw-p 00000000 00:00 0 
7efe24c00000-7efe24c04000 ---p 00000000 00:00 0 
7efe24c04000-7efe24d00000 rw-p 00000000 00:00 0 
7efe24d00000-7efe24d04000 ---p 00000000 00:00 0 
7efe24d04000-7efe24e00000 rw-p 00000000 00:00 0 
7efe24e00000-7efe24e04000 ---p 00000000 00:00 0 
7efe24e04000-7efe24f00000 rw-p 00000000 00:00 0 
7efe24f00000-7efe24f04000 ---p 00000000 00:00 0 
7efe24f04000-7efe25000000 rw-p 00000000 00:00 0 
7efe25000000-7efe25004000 ---p 00000000 00:00 0 
7efe25004000-7efe25100000 rw-p 00000000 00:00 0 
7efe25100000-7efe25104000 ---p 00000000 00:00 0 
7efe25104000-7efe25200000 rw-p 00000000 00:00 0 
7efe25200000-7efe25fe7000 r--p 00000000 fd:01 11933008                   /usr/lib/locale/locale-archive
7efe26000000-7efe28000000 rw-p 00000000 00:00 0 
7efe28000000-7efe28021000 rw-p 00000000 00:00 0 
7efe28021000-7efe2c000000 ---p 00000000 00:00 0 
7efe2c000000-7efe2c021000 rw-p 00000000 00:00 0 
7efe2c021000-7efe30000000 ---p 00000000 00:00 0 
7efe30000000-7efe30021000 rw-p 00000000 00:00 0 
7efe30021000-7efe34000000 ---p 00000000 00:00 0 
7efe340c2000-7efe340c6000 r--p 00000000 fd:01 10097191                   /home/yisus/.p2/pool/plugins/org.eclipse.justj.openjdk.hotspot.jre.full.linux.x86_64_18.0.2.v20221005-1040/jre/lib/libverify.so
7efe340c6000-7efe340cd000 r-xp 00004000 fd:01 10097191                   /home/yisus/.p2/pool/plugins/org.eclipse.justj.openjdk.hotspot.jre.full.linux.x86_64_18.0.2.v20221005-1040/jre/lib/libverify.so
7efe340cd000-7efe340cf000 r--p 0000b000 fd:01 10097191                   /home/yisus/.p2/pool/plugins/org.eclipse.justj.openjdk.hotspot.jre.full.linux.x86_64_18.0.2.v20221005-1040/jre/lib/libverify.so
7efe340cf000-7efe340d1000 r--p 0000c000 fd:01 10097191                   /home/yisus/.p2/pool/plugins/org.eclipse.justj.openjdk.hotspot.jre.full.linux.x86_64_18.0.2.v20221005-1040/jre/lib/libverify.so
7efe340d1000-7efe340d2000 rw-p 0000e000 fd:01 10097191                   /home/yisus/.p2/pool/plugins/org.eclipse.justj.openjdk.hotspot.jre.full.linux.x86_64_18.0.2.v20221005-1040/jre/lib/libverify.so
7efe340d2000-7efe340d6000 ---p 00000000 00:00 0 
7efe340d6000-7efe341d2000 rw-p 00000000 00:00 0 
7efe341d2000-7efe341d6000 ---p 00000000 00:00 0 
7efe341d6000-7efe342d2000 rw-p 00000000 00:00 0 
7efe342d2000-7efe342d6000 ---p 00000000 00:00 0 
7efe342d6000-7efe343d2000 rw-p 00000000 00:00 0 
7efe343d2000-7efe343d6000 ---p 00000000 00:00 0 
7efe343d6000-7efe344d2000 rw-p 00000000 00:00 0 
7efe344d2000-7efe344d6000 ---p 00000000 00:00 0 
7efe344d6000-7efe345d2000 rw-p 00000000 00:00 0 
7efe345d2000-7efe345d6000 ---p 00000000 00:00 0 
7efe345d6000-7efe346d2000 rw-p 00000000 00:00 0 
7efe346d2000-7efe346d6000 ---p 00000000 00:00 0 
7efe346d6000-7efe347d2000 rw-p 00000000 00:00 0 
7efe347d2000-7efe347d3000 ---p 00000000 00:00 0 
7efe347d3000-7efe34955000 rw-p 00000000 00:00 0 
7efe34955000-7efe34956000 ---p 00000000 00:00 0 
7efe34956000-7efe34a57000 rw-p 00000000 00:00 0 
7efe34a57000-7efe34a58000 ---p 00000000 00:00 0 
7efe34a58000-7efe35842000 rw-p 00000000 00:00 0 
7efe35842000-7efe39252000 ---p 00000000 00:00 0 
7efe39252000-7efe39632000 rw-p 00000000 00:00 0 
7efe39632000-7efe3d042000 ---p 00000000 00:00 0 
7efe3d042000-7efe3d0be000 rw-p 00000000 00:00 0 
7efe3d0be000-7efe3d800000 ---p 00000000 00:00 0 
7efe3d800000-7efe3da70000 rwxp 00000000 00:00 0 
7efe3da70000-7efe3dd92000 ---p 00000000 00:00 0 
7efe3dd92000-7efe3e002000 rwxp 00000000 00:00 0 
7efe3e002000-7efe452c9000 ---p 00000000 00:00 0 
7efe452c9000-7efe45539000 rwxp 00000000 00:00 0 
7efe45539000-7efe4c800000 ---p 00000000 00:00 0 
7efe4c800000-7efe4fe88000 r--s 00000000 fd:01 10097180                   /home/yisus/.p2/pool/plugins/org.eclipse.justj.openjdk.hotspot.jre.full.linux.x86_64_18.0.2.v20221005-1040/jre/lib/modules
7efe4fe8a000-7efe4fe8c000 r--p 00000000 fd:01 10097216                   /home/yisus/.p2/pool/plugins/org.eclipse.justj.openjdk.hotspot.jre.full.linux.x86_64_18.0.2.v20221005-1040/jre/lib/libdt_socket.so
7efe4fe8c000-7efe4fe8f000 r-xp 00002000 fd:01 10097216                   /home/yisus/.p2/pool/plugins/org.eclipse.justj.openjdk.hotspot.jre.full.linux.x86_64_18.0.2.v20221005-1040/jre/lib/libdt_socket.so
7efe4fe8f000-7efe4fe90000 r--p 00005000 fd:01 10097216                   /home/yisus/.p2/pool/plugins/org.eclipse.justj.openjdk.hotspot.jre.full.linux.x86_64_18.0.2.v20221005-1040/jre/lib/libdt_socket.so
7efe4fe90000-7efe4fe91000 ---p 00006000 fd:01 10097216                   /home/yisus/.p2/pool/plugins/org.eclipse.justj.openjdk.hotspot.jre.full.linux.x86_64_18.0.2.v20221005-1040/jre/lib/libdt_socket.so
7efe4fe91000-7efe4fe92000 r--p 00006000 fd:01 10097216                   /home/yisus/.p2/pool/plugins/org.eclipse.justj.openjdk.hotspot.jre.full.linux.x86_64_18.0.2.v20221005-1040/jre/lib/libdt_socket.so
7efe4fe92000-7efe4fe93000 rw-p 00007000 fd:01 10097216                   /home/yisus/.p2/pool/plugins/org.eclipse.justj.openjdk.hotspot.jre.full.linux.x86_64_18.0.2.v20221005-1040/jre/lib/libdt_socket.so
7efe4fe93000-7efe4fe96000 r--p 00000000 fd:01 10097189                   /home/yisus/.p2/pool/plugins/org.eclipse.justj.openjdk.hotspot.jre.full.linux.x86_64_18.0.2.v20221005-1040/jre/lib/libnet.so
7efe4fe96000-7efe4fe9f000 r-xp 00003000 fd:01 10097189                   /home/yisus/.p2/pool/plugins/org.eclipse.justj.openjdk.hotspot.jre.full.linux.x86_64_18.0.2.v20221005-1040/jre/lib/libnet.so
7efe4fe9f000-7efe4fea2000 r--p 0000c000 fd:01 10097189                   /home/yisus/.p2/pool/plugins/org.eclipse.justj.openjdk.hotspot.jre.full.linux.x86_64_18.0.2.v20221005-1040/jre/lib/libnet.so
7efe4fea2000-7efe4fea3000 r--p 0000e000 fd:01 10097189                   /home/yisus/.p2/pool/plugins/org.eclipse.justj.openjdk.hotspot.jre.full.linux.x86_64_18.0.2.v20221005-1040/jre/lib/libnet.so
7efe4fea3000-7efe4fea4000 rw-p 0000f000 fd:01 10097189                   /home/yisus/.p2/pool/plugins/org.eclipse.justj.openjdk.hotspot.jre.full.linux.x86_64_18.0.2.v20221005-1040/jre/lib/libnet.so
7efe4fea4000-7efe50000000 rw-p 00000000 00:00 0 
7efe50000000-7efe504cf000 rw-p 00000000 00:00 0 
7efe504cf000-7efe54000000 ---p 00000000 00:00 0 
7efe54000000-7efe54007000 r--s 00000000 fd:01 12586759                   /usr/lib/x86_64-linux-gnu/gconv/gconv-modules.cache
7efe54007000-7efe5400e000 r--p 00000000 fd:01 10097190                   /home/yisus/.p2/pool/plugins/org.eclipse.justj.openjdk.hotspot.jre.full.linux.x86_64_18.0.2.v20221005-1040/jre/lib/libnio.so
7efe5400e000-7efe54017000 r-xp 00007000 fd:01 10097190                   /home/yisus/.p2/pool/plugins/org.eclipse.justj.openjdk.hotspot.jre.full.linux.x86_64_18.0.2.v20221005-1040/jre/lib/libnio.so
7efe54017000-7efe5401b000 r--p 00010000 fd:01 10097190                   /home/yisus/.p2/pool/plugins/org.eclipse.justj.openjdk.hotspot.jre.full.linux.x86_64_18.0.2.v20221005-1040/jre/lib/libnio.so
7efe5401b000-7efe5401c000 ---p 00014000 fd:01 10097190                   /home/yisus/.p2/pool/plugins/org.eclipse.justj.openjdk.hotspot.jre.full.linux.x86_64_18.0.2.v20221005-1040/jre/lib/libnio.so
7efe5401c000-7efe5401d000 r--p 00014000 fd:01 10097190                   /home/yisus/.p2/pool/plugins/org.eclipse.justj.openjdk.hotspot.jre.full.linux.x86_64_18.0.2.v20221005-1040/jre/lib/libnio.so
7efe5401d000-7efe5401e000 rw-p 00015000 fd:01 10097190                   /home/yisus/.p2/pool/plugins/org.eclipse.justj.openjdk.hotspot.jre.full.linux.x86_64_18.0.2.v20221005-1040/jre/lib/libnio.so
7efe5401e000-7efe5401f000 ---p 00000000 00:00 0 
7efe5401f000-7efe54120000 rw-p 00000000 00:00 0 
7efe54120000-7efe54121000 ---p 00000000 00:00 0 
7efe54121000-7efe54222000 rw-p 00000000 00:00 0 
7efe54222000-7efe54223000 ---p 00000000 00:00 0 
7efe54223000-7efe54420000 rw-p 00000000 00:00 0 
7efe54420000-7efe54b62000 ---p 00000000 00:00 0 
7efe54b62000-7efe54bde000 rw-p 00000000 00:00 0 
7efe54bde000-7efe55320000 ---p 00000000 00:00 0 
7efe55320000-7efe55d2f000 rw-p 00000000 00:00 0 
7efe55d2f000-7efe55e15000 ---p 00000000 00:00 0 
7efe55e15000-7efe55e1a000 rw-p 00000000 00:00 0 
7efe55e1a000-7efe55f00000 ---p 00000000 00:00 0 
7efe55f00000-7efe55f04000 ---p 00000000 00:00 0 
7efe55f04000-7efe56000000 rw-p 00000000 00:00 0 
7efe56000000-7efe5626c000 r--p 00000000 fd:01 10097176                   /home/yisus/.p2/pool/plugins/org.eclipse.justj.openjdk.hotspot.jre.full.linux.x86_64_18.0.2.v20221005-1040/jre/lib/server/libjvm.so
7efe5626c000-7efe56f59000 r-xp 0026c000 fd:01 10097176                   /home/yisus/.p2/pool/plugins/org.eclipse.justj.openjdk.hotspot.jre.full.linux.x86_64_18.0.2.v20221005-1040/jre/lib/server/libjvm.so
7efe56f59000-7efe571f4000 r--p 00f59000 fd:01 10097176                   /home/yisus/.p2/pool/plugins/org.eclipse.justj.openjdk.hotspot.jre.full.linux.x86_64_18.0.2.v20221005-1040/jre/lib/server/libjvm.so
7efe571f4000-7efe571f5000 ---p 011f4000 fd:01 10097176                   /home/yisus/.p2/pool/plugins/org.eclipse.justj.openjdk.hotspot.jre.full.linux.x86_64_18.0.2.v20221005-1040/jre/lib/server/libjvm.so
7efe571f5000-7efe572b7000 r--p 011f4000 fd:01 10097176                   /home/yisus/.p2/pool/plugins/org.eclipse.justj.openjdk.hotspot.jre.full.linux.x86_64_18.0.2.v20221005-1040/jre/lib/server/libjvm.so
7efe572b7000-7efe572ec000 rw-p 012b6000 fd:01 10097176                   /home/yisus/.p2/pool/plugins/org.eclipse.justj.openjdk.hotspot.jre.full.linux.x86_64_18.0.2.v20221005-1040/jre/lib/server/libjvm.so
7efe572ec000-7efe57347000 rw-p 00000000 00:00 0 
7efe57349000-7efe5734b000 r--p 00000000 fd:01 10097192                   /home/yisus/.p2/pool/plugins/org.eclipse.justj.openjdk.hotspot.jre.full.linux.x86_64_18.0.2.v20221005-1040/jre/lib/libzip.so
7efe5734b000-7efe5734f000 r-xp 00002000 fd:01 10097192                   /home/yisus/.p2/pool/plugins/org.eclipse.justj.openjdk.hotspot.jre.full.linux.x86_64_18.0.2.v20221005-1040/jre/lib/libzip.so
7efe5734f000-7efe57351000 r--p 00006000 fd:01 10097192                   /home/yisus/.p2/pool/plugins/org.eclipse.justj.openjdk.hotspot.jre.full.linux.x86_64_18.0.2.v20221005-1040/jre/lib/libzip.so
7efe57351000-7efe57352000 r--p 00007000 fd:01 10097192                   /home/yisus/.p2/pool/plugins/org.eclipse.justj.openjdk.hotspot.jre.full.linux.x86_64_18.0.2.v20221005-1040/jre/lib/libzip.so
7efe57352000-7efe57353000 rw-p 00008000 fd:01 10097192                   /home/yisus/.p2/pool/plugins/org.eclipse.justj.openjdk.hotspot.jre.full.linux.x86_64_18.0.2.v20221005-1040/jre/lib/libzip.so
7efe57353000-7efe57394000 rw-p 00000000 00:00 0 
7efe57394000-7efe573a2000 r--p 00000000 fd:01 10097185                   /home/yisus/.p2/pool/plugins/org.eclipse.justj.openjdk.hotspot.jre.full.linux.x86_64_18.0.2.v20221005-1040/jre/lib/libjava.so
7efe573a2000-7efe573b4000 r-xp 0000e000 fd:01 10097185                   /home/yisus/.p2/pool/plugins/org.eclipse.justj.openjdk.hotspot.jre.full.linux.x86_64_18.0.2.v20221005-1040/jre/lib/libjava.so
7efe573b4000-7efe573ba000 r--p 00020000 fd:01 10097185                   /home/yisus/.p2/pool/plugins/org.eclipse.justj.openjdk.hotspot.jre.full.linux.x86_64_18.0.2.v20221005-1040/jre/lib/libjava.so
7efe573ba000-7efe573bb000 ---p 00026000 fd:01 10097185                   /home/yisus/.p2/pool/plugins/org.eclipse.justj.openjdk.hotspot.jre.full.linux.x86_64_18.0.2.v20221005-1040/jre/lib/libjava.so
7efe573bb000-7efe573bc000 r--p 00026000 fd:01 10097185                   /home/yisus/.p2/pool/plugins/org.eclipse.justj.openjdk.hotspot.jre.full.linux.x86_64_18.0.2.v20221005-1040/jre/lib/libjava.so
7efe573bc000-7efe573bd000 rw-p 00027000 fd:01 10097185                   /home/yisus/.p2/pool/plugins/org.eclipse.justj.openjdk.hotspot.jre.full.linux.x86_64_18.0.2.v20221005-1040/jre/lib/libjava.so
7efe573bd000-7efe573be000 rw-p 00000000 00:00 0 
7efe573be000-7efe573c1000 r--p 00000000 fd:01 10097217                   /home/yisus/.p2/pool/plugins/org.eclipse.justj.openjdk.hotspot.jre.full.linux.x86_64_18.0.2.v20221005-1040/jre/lib/libjdwp.so
7efe573c1000-7efe573ee000 r-xp 00003000 fd:01 10097217                   /home/yisus/.p2/pool/plugins/org.eclipse.justj.openjdk.hotspot.jre.full.linux.x86_64_18.0.2.v20221005-1040/jre/lib/libjdwp.so
7efe573ee000-7efe573fc000 r--p 00030000 fd:01 10097217                   /home/yisus/.p2/pool/plugins/org.eclipse.justj.openjdk.hotspot.jre.full.linux.x86_64_18.0.2.v20221005-1040/jre/lib/libjdwp.so
7efe573fc000-7efe573fd000 ---p 0003e000 fd:01 10097217                   /home/yisus/.p2/pool/plugins/org.eclipse.justj.openjdk.hotspot.jre.full.linux.x86_64_18.0.2.v20221005-1040/jre/lib/libjdwp.so
7efe573fd000-7efe573fe000 r--p 0003e000 fd:01 10097217                   /home/yisus/.p2/pool/plugins/org.eclipse.justj.openjdk.hotspot.jre.full.linux.x86_64_18.0.2.v20221005-1040/jre/lib/libjdwp.so
7efe573fe000-7efe573ff000 rw-p 0003f000 fd:01 10097217                   /home/yisus/.p2/pool/plugins/org.eclipse.justj.openjdk.hotspot.jre.full.linux.x86_64_18.0.2.v20221005-1040/jre/lib/libjdwp.so
7efe573ff000-7efe57400000 rw-p 00000000 00:00 0 
7efe57400000-7efe57428000 r--p 00000000 fd:01 11934058                   /usr/lib/x86_64-linux-gnu/libc.so.6
7efe57428000-7efe575bd000 r-xp 00028000 fd:01 11934058                   /usr/lib/x86_64-linux-gnu/libc.so.6
7efe575bd000-7efe57615000 r--p 001bd000 fd:01 11934058                   /usr/lib/x86_64-linux-gnu/libc.so.6
7efe57615000-7efe57619000 r--p 00214000 fd:01 11934058                   /usr/lib/x86_64-linux-gnu/libc.so.6
7efe57619000-7efe5761b000 rw-p 00218000 fd:01 11934058                   /usr/lib/x86_64-linux-gnu/libc.so.6
7efe5761b000-7efe57628000 rw-p 00000000 00:00 0 
7efe5762b000-7efe57630000 rw-p 00000000 00:00 0 
7efe57630000-7efe57637000 ---p 00000000 00:00 0 
7efe57637000-7efe5763f000 rw-s 00000000 fd:01 9961477                    /tmp/hsperfdata_yisus/42982
7efe5763f000-7efe57643000 r--p 00000000 fd:01 10097186                   /home/yisus/.p2/pool/plugins/org.eclipse.justj.openjdk.hotspot.jre.full.linux.x86_64_18.0.2.v20221005-1040/jre/lib/libjimage.so
7efe57643000-7efe57656000 r-xp 00004000 fd:01 10097186                   /home/yisus/.p2/pool/plugins/org.eclipse.justj.openjdk.hotspot.jre.full.linux.x86_64_18.0.2.v20221005-1040/jre/lib/libjimage.so
7efe57656000-7efe5765c000 r--p 00017000 fd:01 10097186                   /home/yisus/.p2/pool/plugins/org.eclipse.justj.openjdk.hotspot.jre.full.linux.x86_64_18.0.2.v20221005-1040/jre/lib/libjimage.so
7efe5765c000-7efe5765e000 r--p 0001c000 fd:01 10097186                   /home/yisus/.p2/pool/plugins/org.eclipse.justj.openjdk.hotspot.jre.full.linux.x86_64_18.0.2.v20221005-1040/jre/lib/libjimage.so
7efe5765e000-7efe5765f000 rw-p 0001e000 fd:01 10097186                   /home/yisus/.p2/pool/plugins/org.eclipse.justj.openjdk.hotspot.jre.full.linux.x86_64_18.0.2.v20221005-1040/jre/lib/libjimage.so
7efe5765f000-7efe5766d000 r--p 00000000 fd:01 11934709                   /usr/lib/x86_64-linux-gnu/libm.so.6
7efe5766d000-7efe576e9000 r-xp 0000e000 fd:01 11934709                   /usr/lib/x86_64-linux-gnu/libm.so.6
7efe576e9000-7efe57744000 r--p 0008a000 fd:01 11934709                   /usr/lib/x86_64-linux-gnu/libm.so.6
7efe57744000-7efe57745000 r--p 000e4000 fd:01 11934709                   /usr/lib/x86_64-linux-gnu/libm.so.6
7efe57745000-7efe57746000 rw-p 000e5000 fd:01 11934709                   /usr/lib/x86_64-linux-gnu/libm.so.6
7efe57746000-7efe57747000 r--p 00000000 fd:01 11935034                   /usr/lib/x86_64-linux-gnu/librt.so.1
7efe57747000-7efe57748000 r-xp 00001000 fd:01 11935034                   /usr/lib/x86_64-linux-gnu/librt.so.1
7efe57748000-7efe57749000 r--p 00002000 fd:01 11935034                   /usr/lib/x86_64-linux-gnu/librt.so.1
7efe57749000-7efe5774a000 r--p 00002000 fd:01 11935034                   /usr/lib/x86_64-linux-gnu/librt.so.1
7efe5774a000-7efe5774b000 rw-p 00003000 fd:01 11935034                   /usr/lib/x86_64-linux-gnu/librt.so.1
7efe5774b000-7efe57750000 rw-p 00000000 00:00 0 
7efe57750000-7efe57751000 r--p 00000000 fd:01 11934200                   /usr/lib/x86_64-linux-gnu/libdl.so.2
7efe57751000-7efe57752000 r-xp 00001000 fd:01 11934200                   /usr/lib/x86_64-linux-gnu/libdl.so.2
7efe57752000-7efe57753000 r--p 00002000 fd:01 11934200                   /usr/lib/x86_64-linux-gnu/libdl.so.2
7efe57753000-7efe57754000 r--p 00002000 fd:01 11934200                   /usr/lib/x86_64-linux-gnu/libdl.so.2
7efe57754000-7efe57755000 rw-p 00003000 fd:01 11934200                   /usr/lib/x86_64-linux-gnu/libdl.so.2
7efe57755000-7efe57756000 r--p 00000000 fd:01 11934978                   /usr/lib/x86_64-linux-gnu/libpthread.so.0
7efe57756000-7efe57757000 r-xp 00001000 fd:01 11934978                   /usr/lib/x86_64-linux-gnu/libpthread.so.0
7efe57757000-7efe57758000 r--p 00002000 fd:01 11934978                   /usr/lib/x86_64-linux-gnu/libpthread.so.0
7efe57758000-7efe57759000 r--p 00002000 fd:01 11934978                   /usr/lib/x86_64-linux-gnu/libpthread.so.0
7efe57759000-7efe5775a000 rw-p 00003000 fd:01 11934978                   /usr/lib/x86_64-linux-gnu/libpthread.so.0
7efe5775a000-7efe5775d000 r--p 00000000 fd:01 10097187                   /home/yisus/.p2/pool/plugins/org.eclipse.justj.openjdk.hotspot.jre.full.linux.x86_64_18.0.2.v20221005-1040/jre/lib/libjli.so
7efe5775d000-7efe57767000 r-xp 00003000 fd:01 10097187                   /home/yisus/.p2/pool/plugins/org.eclipse.justj.openjdk.hotspot.jre.full.linux.x86_64_18.0.2.v20221005-1040/jre/lib/libjli.so
7efe57767000-7efe5776a000 r--p 0000d000 fd:01 10097187                   /home/yisus/.p2/pool/plugins/org.eclipse.justj.openjdk.hotspot.jre.full.linux.x86_64_18.0.2.v20221005-1040/jre/lib/libjli.so
7efe5776a000-7efe5776b000 ---p 00010000 fd:01 10097187                   /home/yisus/.p2/pool/plugins/org.eclipse.justj.openjdk.hotspot.jre.full.linux.x86_64_18.0.2.v20221005-1040/jre/lib/libjli.so
7efe5776b000-7efe5776c000 r--p 00010000 fd:01 10097187                   /home/yisus/.p2/pool/plugins/org.eclipse.justj.openjdk.hotspot.jre.full.linux.x86_64_18.0.2.v20221005-1040/jre/lib/libjli.so
7efe5776c000-7efe5776d000 rw-p 00011000 fd:01 10097187                   /home/yisus/.p2/pool/plugins/org.eclipse.justj.openjdk.hotspot.jre.full.linux.x86_64_18.0.2.v20221005-1040/jre/lib/libjli.so
7efe5776d000-7efe5776f000 r--p 00000000 fd:01 11927742                   /usr/lib/x86_64-linux-gnu/libz.so.1.2.11
7efe5776f000-7efe57780000 r-xp 00002000 fd:01 11927742                   /usr/lib/x86_64-linux-gnu/libz.so.1.2.11
7efe57780000-7efe57786000 r--p 00013000 fd:01 11927742                   /usr/lib/x86_64-linux-gnu/libz.so.1.2.11
7efe57786000-7efe57787000 ---p 00019000 fd:01 11927742                   /usr/lib/x86_64-linux-gnu/libz.so.1.2.11
7efe57787000-7efe57788000 r--p 00019000 fd:01 11927742                   /usr/lib/x86_64-linux-gnu/libz.so.1.2.11
7efe57788000-7efe57789000 rw-p 0001a000 fd:01 11927742                   /usr/lib/x86_64-linux-gnu/libz.so.1.2.11
7efe5778c000-7efe5778e000 r--p 00000000 fd:01 10097206                   /home/yisus/.p2/pool/plugins/org.eclipse.justj.openjdk.hotspot.jre.full.linux.x86_64_18.0.2.v20221005-1040/jre/lib/libinstrument.so
7efe5778e000-7efe57794000 r-xp 00002000 fd:01 10097206                   /home/yisus/.p2/pool/plugins/org.eclipse.justj.openjdk.hotspot.jre.full.linux.x86_64_18.0.2.v20221005-1040/jre/lib/libinstrument.so
7efe57794000-7efe57797000 r--p 00008000 fd:01 10097206                   /home/yisus/.p2/pool/plugins/org.eclipse.justj.openjdk.hotspot.jre.full.linux.x86_64_18.0.2.v20221005-1040/jre/lib/libinstrument.so
7efe57797000-7efe57798000 r--p 0000a000 fd:01 10097206                   /home/yisus/.p2/pool/plugins/org.eclipse.justj.openjdk.hotspot.jre.full.linux.x86_64_18.0.2.v20221005-1040/jre/lib/libinstrument.so
7efe57798000-7efe57799000 rw-p 0000b000 fd:01 10097206                   /home/yisus/.p2/pool/plugins/org.eclipse.justj.openjdk.hotspot.jre.full.linux.x86_64_18.0.2.v20221005-1040/jre/lib/libinstrument.so
7efe57799000-7efe5779a000 ---p 00000000 00:00 0 
7efe5779a000-7efe5779b000 r--p 00000000 00:00 0 
7efe5779b000-7efe5779d000 rw-p 00000000 00:00 0 
7efe5779d000-7efe5779f000 r--p 00000000 fd:01 11933721                   /usr/lib/x86_64-linux-gnu/ld-linux-x86-64.so.2
7efe5779f000-7efe577c9000 r-xp 00002000 fd:01 11933721                   /usr/lib/x86_64-linux-gnu/ld-linux-x86-64.so.2
7efe577c9000-7efe577d4000 r--p 0002c000 fd:01 11933721                   /usr/lib/x86_64-linux-gnu/ld-linux-x86-64.so.2
7efe577d4000-7efe577d5000 ---p 00000000 00:00 0 
7efe577d5000-7efe577d7000 r--p 00037000 fd:01 11933721                   /usr/lib/x86_64-linux-gnu/ld-linux-x86-64.so.2
7efe577d7000-7efe577d9000 rw-p 00039000 fd:01 11933721                   /usr/lib/x86_64-linux-gnu/ld-linux-x86-64.so.2
7fffae578000-7fffae599000 rw-p 00000000 00:00 0                          [stack]
7fffae5b7000-7fffae5bb000 r--p 00000000 00:00 0                          [vvar]
7fffae5bb000-7fffae5bd000 r-xp 00000000 00:00 0                          [vdso]
ffffffffff600000-ffffffffff601000 --xp 00000000 00:00 0                  [vsyscall]


VM Arguments:
jvm_args: -XX:+ShowCodeDetailsInExceptionMessages -agentlib:jdwp=transport=dt_socket,suspend=y,address=localhost:37689 -javaagent:/home/yisus/eclipse/java-2022-06/eclipse/configuration/org.eclipse.osgi/209/0/.cp/lib/javaagent-shaded.jar -Dfile.encoding=UTF-8 --module-path=/home/yisus/git/PI5_jescarcar5/bin:/home/yisus/git/ada_v2_18/java/Grafos/bin:/home/yisus/git/ada_v2_18/java/Solve/bin:/home/yisus/git/ada_v2_18/java/ParteComun/target/classes:/home/yisus/git/ada_v2_18/java/ParteComun/lib/antlr4-runtime-4.9.2.jar:/home/yisus/git/ada_v2_18/java/ParteComun/lib/jgrapht-core-1.5.0.jar:/home/yisus/git/ada_v2_18/java/ParteComun/lib/jgrapht-io-1.5.0.jar:/home/yisus/git/ada_v2_18/java/ParteComun/lib/jheaps-0.13.jar:/home/yisus/git/ada_v2_18/java/ParteComun/lib/commons-text-1.8.jar:/home/yisus/git/ada_v2_18/java/ParteComun/lib/commons-math3-3.6.1.jar:/home/yisus/git/ada_v2_18/java/ParteComun/lib/juniversalchardet-1.0.3.jar:/home/yisus/git/ada_v2_18/java/ParteComun/lib/matplotlib4j-0.5.1.jar:/home/yisus/git/ada_v2_18/java/ParteComun/lib/slf4j-api-1.7.7.jar:/home/yisus/git/ada_v2_18/java/ParteComun/lib/slf4j-log4j12-1.7.7.jar:/home/yisus/git/ada_v2_18/java/ParteComun/lib/log4j-1.2.17.jar:/home/yisus/git/ada_v2_18/java/ParteComun/lib/guava-15.0.jar:/home/yisus/git/ada_v2_18/java/DatosCompartidos/bin:/home/yisus/git/ada_v2_18/java/Solve/lib/gurobi.jar:/home/yisus/git/ada_v2_18/java/Solve/lib/antlr4-runtime-4.9.2.jar:/home/yisus/git/ada_v2_18/java/Grafos/lib/commons-lang3-3.9.jar:/home/yisus/git/ada_v2_18/java/Grafos/lib/commons-text-1.8.jar:/home/yisus/git/ada_v2_18/java/Grafos/lib/jgrapht-core-1.5.0.jar:/home/yisus/git/ada_v2_18/java/Grafos/lib/jgrapht-io-1.5.0.jar:/home/yisus/git/ada_v2_18/java/Grafos/lib/jheaps-0.13.jar --enable-preview -Djdk.module.main=pI5_jescarcar5 
java_command: pI5_jescarcar5/ejercicios.tests.TestEjercicio3
java_class_path (initial): <not set>
Launcher Type: SUN_STANDARD

[Global flags]
     intx CICompilerCount                          = 4                                         {product} {ergonomic}
     uint ConcGCThreads                            = 3                                         {product} {ergonomic}
     uint G1ConcRefinementThreads                  = 10                                        {product} {ergonomic}
   size_t G1HeapRegionSize                         = 2097152                                   {product} {ergonomic}
    uintx GCDrainStackTargetSize                   = 64                                        {product} {ergonomic}
   size_t InitialHeapSize                          = 260046848                                 {product} {ergonomic}
   size_t MarkStackSize                            = 4194304                                   {product} {ergonomic}
   size_t MaxHeapSize                              = 4156555264                                {product} {ergonomic}
   size_t MaxNewSize                               = 2493513728                                {product} {ergonomic}
   size_t MinHeapDeltaBytes                        = 2097152                                   {product} {ergonomic}
   size_t MinHeapSize                              = 8388608                                   {product} {ergonomic}
    uintx NonNMethodCodeHeapSize                   = 5839372                                {pd product} {ergonomic}
    uintx NonProfiledCodeHeapSize                  = 122909434                              {pd product} {ergonomic}
    uintx ProfiledCodeHeapSize                     = 122909434                              {pd product} {ergonomic}
    uintx ReservedCodeCacheSize                    = 251658240                              {pd product} {ergonomic}
     bool SegmentedCodeCache                       = true                                      {product} {ergonomic}
     bool ShowCodeDetailsInExceptionMessages       = true                                   {manageable} {command line}
   size_t SoftMaxHeapSize                          = 4156555264                             {manageable} {ergonomic}
     bool UseCompressedClassPointers               = true                           {product lp64_product} {ergonomic}
     bool UseCompressedOops                        = true                           {product lp64_product} {ergonomic}
     bool UseG1GC                                  = true                                      {product} {ergonomic}

Logging:
Log output configuration:
 #0: stdout all=warning uptime,level,tags foldmultilines=false
 #1: stderr all=off uptime,level,tags foldmultilines=false

Environment Variables:
PATH=/usr/local/sbin:/usr/local/bin:/usr/sbin:/usr/bin:/sbin:/bin:/usr/games:/usr/local/games:/snap/bin:/snap/bin:/opt/gurobi952/linux64/bin
USERNAME=yisus
LD_LIBRARY_PATH=/opt/gurobi952/linux64/lib
SHELL=/bin/bash
DISPLAY=:0
LANG=es_ES.UTF-8

Signal Handlers:
   SIGSEGV: crash_handler in libjvm.so, mask=11100100010111111101111111111110, flags=SA_RESTART|SA_SIGINFO
    SIGBUS: crash_handler in libjvm.so, mask=11100100010111111101111111111110, flags=SA_RESTART|SA_SIGINFO
    SIGFPE: crash_handler in libjvm.so, mask=11100100010111111101111111111110, flags=SA_RESTART|SA_SIGINFO
   SIGPIPE: javaSignalHandler in libjvm.so, mask=11100100010111111101111111111110, flags=SA_RESTART|SA_SIGINFO
   SIGXFSZ: javaSignalHandler in libjvm.so, mask=11100100010111111101111111111110, flags=SA_RESTART|SA_SIGINFO
    SIGILL: crash_handler in libjvm.so, mask=11100100010111111101111111111110, flags=SA_RESTART|SA_SIGINFO
   SIGUSR2: SR_handler in libjvm.so, mask=00100000000000000000000000000000, flags=SA_RESTART|SA_SIGINFO
    SIGHUP: UserHandler in libjvm.so, mask=11100100010111111101111111111110, flags=SA_RESTART|SA_SIGINFO
    SIGINT: UserHandler in libjvm.so, mask=11100100010111111101111111111110, flags=SA_RESTART|SA_SIGINFO
   SIGTERM: UserHandler in libjvm.so, mask=11100100010111111101111111111110, flags=SA_RESTART|SA_SIGINFO
   SIGQUIT: UserHandler in libjvm.so, mask=11100100010111111101111111111110, flags=SA_RESTART|SA_SIGINFO
   SIGTRAP: crash_handler in libjvm.so, mask=11100100010111111101111111111110, flags=SA_RESTART|SA_SIGINFO


---------------  S Y S T E M  ---------------

OS:
DISTRIB_ID=Ubuntu
DISTRIB_RELEASE=22.04
DISTRIB_CODENAME=jammy
DISTRIB_DESCRIPTION="Ubuntu 22.04.2 LTS"
uname: Linux 5.19.0-41-generic #42~22.04.1-Ubuntu SMP PREEMPT_DYNAMIC Tue Apr 18 17:40:00 UTC 2 x86_64
OS uptime: 3 days 7:39 hours
libc: glibc 2.35 NPTL 2.35 
rlimit (soft/hard): STACK 8192k/infinity , CORE 0k/infinity , NPROC 62908/62908 , NOFILE 1048576/1048576 , AS infinity/infinity , CPU infinity/infinity , DATA infinity/infinity , FSIZE infinity/infinity , MEMLOCK 2029500k/2029500k
load average: 0,49 0,57 0,55

/proc/meminfo:
MemTotal:       16236028 kB
MemFree:         7469092 kB
MemAvailable:   10538492 kB
Buffers:          198028 kB
Cached:          3922064 kB
SwapCached:            0 kB
Active:          1767776 kB
Inactive:        5455196 kB
Active(anon):       3312 kB
Inactive(anon):  3979820 kB
Active(file):    1764464 kB
Inactive(file):  1475376 kB
Unevictable:      777776 kB
Mlocked:             208 kB
SwapTotal:       1998844 kB
SwapFree:        1998844 kB
Zswap:                 0 kB
Zswapped:              0 kB
Dirty:               312 kB
Writeback:           212 kB
AnonPages:       3881052 kB
Mapped:           614796 kB
Shmem:            890872 kB
KReclaimable:     171036 kB
Slab:             402760 kB
SReclaimable:     171036 kB
SUnreclaim:       231724 kB
KernelStack:       23360 kB
PageTables:        43604 kB
NFS_Unstable:          0 kB
Bounce:                0 kB
WritebackTmp:          0 kB
CommitLimit:    10116856 kB
Committed_AS:   11836312 kB
VmallocTotal:   34359738367 kB
VmallocUsed:       88220 kB
VmallocChunk:          0 kB
Percpu:            20416 kB
HardwareCorrupted:     0 kB
AnonHugePages:         0 kB
ShmemHugePages:        0 kB
ShmemPmdMapped:        0 kB
FileHugePages:         0 kB
FilePmdMapped:         0 kB
HugePages_Total:       0
HugePages_Free:        0
HugePages_Rsvd:        0
HugePages_Surp:        0
Hugepagesize:       2048 kB
Hugetlb:               0 kB
DirectMap4k:      411452 kB
DirectMap2M:    12025856 kB
DirectMap1G:     4194304 kB

/sys/kernel/mm/transparent_hugepage/enabled: always [madvise] never
/sys/kernel/mm/transparent_hugepage/defrag (defrag/compaction efforts parameter): always defer defer+madvise [madvise] never

Process Memory:
Virtual Size: 7256508K (peak: 7256508K)
Resident Set Size: 82268K (peak: 82268K) (anon: 54560K, file: 27708K, shmem: 0K)
Swapped out: 0K
C-Heap outstanding allocations: 32261K, retained: 10118K

/proc/sys/kernel/threads-max (system-wide limit on the number of threads): 125816
/proc/sys/vm/max_map_count (maximum number of memory map areas a process may have): 65530
/proc/sys/kernel/pid_max (system-wide limit on number of process identifiers): 4194304

container (cgroup) information:
container_type: cgroupv2
cpu_cpuset_cpus: not supported
cpu_memory_nodes: not supported
active_processor_count: 12
cpu_quota: not supported
cpu_period: not supported
cpu_shares: not supported
memory_limit_in_bytes: unlimited
memory_and_swap_limit_in_bytes: unlimited
memory_soft_limit_in_bytes: unlimited
memory_usage_in_bytes: 2383581184
memory_max_usage_in_bytes: not supported
maximum number of tasks: 18872
current number of tasks: 699

Steal ticks since vm start: 0
Steal ticks percentage since vm start:  0,000

CPU: total 12 (initial active 12) (6 cores per cpu, 2 threads per core) family 6 model 158 stepping 10 microcode 0xf0, cx8, cmov, fxsr, ht, mmx, 3dnowpref, sse, sse2, sse3, ssse3, sse4.1, sse4.2, popcnt, lzcnt, tsc, tscinvbit, avx, avx2, aes, erms, clmul, bmi1, bmi2, adx, fma, vzeroupper, clflush, clflushopt
CPU Model and flags from /proc/cpuinfo:
model name	: Intel(R) Core(TM) i7-9750H CPU @ 2.60GHz
flags		: fpu vme de pse tsc msr pae mce cx8 apic sep mtrr pge mca cmov pat pse36 clflush dts acpi mmx fxsr sse sse2 ss ht tm pbe syscall nx pdpe1gb rdtscp lm constant_tsc art arch_perfmon pebs bts rep_good nopl xtopology nonstop_tsc cpuid aperfmperf pni pclmulqdq dtes64 monitor ds_cpl vmx est tm2 ssse3 sdbg fma cx16 xtpr pdcm pcid sse4_1 sse4_2 x2apic movbe popcnt tsc_deadline_timer aes xsave avx f16c rdrand lahf_lm abm 3dnowprefetch cpuid_fault epb invpcid_single pti ssbd ibrs ibpb stibp tpr_shadow vnmi flexpriority ept vpid ept_ad fsgsbase tsc_adjust bmi1 avx2 smep bmi2 erms invpcid mpx rdseed adx smap clflushopt intel_pt xsaveopt xsavec xgetbv1 xsaves dtherm ida arat pln pts hwp hwp_notify hwp_act_window hwp_epp md_clear flush_l1d arch_capabilities

Online cpus: 0-11
Offline cpus: 
BIOS frequency limitation: <Not Available>
Frequency switch latency (ns): 0
Available cpu frequencies: <Not Available>
Current governor: powersave
Core performance/turbo boost: <Not Available>

Memory: 4k page, physical 16236028k(7469092k free), swap 1998844k(1998844k free)
Page Sizes: 4k

vm_info: OpenJDK 64-Bit Server VM (18.0.2.1+1) for linux-amd64 JRE (18.0.2.1+1), built on Aug 25 2022 16:32:38 by "" with gcc 10.3.0

END.
